TN:
SF:app/routeTree.gen.ts
FN:1,(empty-report)
FNF:1
FNH:1
FNDA:1,(empty-report)
DA:11,0
DA:12,0
DA:13,0
DA:14,0
DA:15,0
DA:16,0
DA:17,0
DA:18,0
DA:19,0
DA:20,0
DA:21,0
DA:22,0
DA:23,0
DA:25,0
DA:26,0
DA:27,0
DA:28,0
DA:29,0
DA:30,0
DA:31,0
DA:32,0
DA:33,0
DA:34,0
DA:35,0
DA:36,0
DA:37,0
DA:38,0
DA:39,0
DA:40,0
DA:41,0
DA:42,0
DA:43,0
DA:44,0
DA:45,0
DA:46,0
DA:47,0
DA:48,0
DA:49,0
DA:50,0
DA:51,0
DA:52,0
DA:53,0
DA:54,0
DA:55,0
DA:56,0
DA:57,0
DA:58,0
DA:59,0
DA:60,0
DA:61,0
DA:62,0
DA:63,0
DA:64,0
DA:65,0
DA:66,0
DA:67,0
DA:68,0
DA:69,0
DA:70,0
DA:71,0
DA:72,0
DA:73,0
DA:74,0
DA:75,0
DA:76,0
DA:77,0
DA:78,0
DA:79,0
DA:80,0
DA:81,0
DA:82,0
DA:83,0
DA:84,0
DA:85,0
DA:279,0
DA:280,0
DA:281,0
DA:282,0
DA:283,0
DA:284,0
DA:285,0
DA:286,0
DA:287,0
DA:288,0
DA:289,0
DA:290,0
DA:291,0
DA:292,0
DA:293,0
DA:294,0
DA:295,0
LF:91
LH:0
BRDA:1,0,0,1
BRF:1
BRH:1
end_of_record
TN:
SF:app/server.ts
FN:1,(empty-report)
FNF:1
FNH:0
FNDA:0,(empty-report)
DA:1,0
DA:5,0
DA:7,0
DA:9,0
DA:10,0
DA:11,0
LF:6
LH:0
BRDA:1,0,0,0
BRF:1
BRH:0
end_of_record
TN:
SF:app/components/FormInput.stories.tsx
FN:1,(empty-report)
FNF:1
FNH:0
FNDA:0,(empty-report)
DA:1,0
DA:3,0
DA:5,0
DA:6,0
DA:7,0
DA:8,0
DA:9,0
DA:10,0
DA:11,0
DA:12,0
DA:13,0
DA:15,0
DA:16,0
DA:17,0
DA:20,0
DA:21,0
DA:22,0
DA:23,0
DA:25,0
DA:26,0
DA:27,0
DA:28,0
DA:29,0
DA:30,0
DA:32,0
DA:33,0
DA:34,0
DA:35,0
DA:36,0
DA:37,0
DA:38,0
DA:39,0
DA:41,0
DA:42,0
DA:43,0
DA:44,0
DA:45,0
DA:46,0
DA:47,0
DA:48,0
DA:50,0
DA:51,0
DA:52,0
DA:53,0
DA:54,0
DA:55,0
DA:56,0
DA:57,0
DA:58,0
DA:60,0
DA:61,0
DA:62,0
DA:63,0
DA:64,0
DA:65,0
DA:66,0
DA:67,0
LF:57
LH:0
BRDA:1,0,0,0
BRF:1
BRH:0
end_of_record
TN:
SF:app/components/FormInput.tsx
FN:27,FormInput
FNF:1
FNH:1
FNDA:11,FormInput
DA:1,1
DA:27,1
DA:28,11
DA:29,11
DA:30,11
DA:31,11
DA:32,11
DA:33,11
DA:34,11
DA:35,11
DA:36,11
DA:37,11
DA:38,11
DA:39,11
DA:40,11
DA:41,11
DA:42,11
DA:43,11
DA:44,11
DA:45,11
DA:46,11
DA:47,11
DA:48,2
DA:49,9
DA:50,11
DA:51,11
DA:52,11
DA:53,11
DA:54,11
DA:56,11
DA:57,11
DA:58,11
DA:59,3
DA:60,3
DA:61,3
DA:63,11
DA:64,11
DA:65,11
DA:66,11
DA:67,11
DA:68,11
DA:69,11
DA:70,11
DA:71,11
DA:72,11
DA:73,11
DA:74,11
DA:75,11
DA:76,2
DA:78,11
DA:79,2
DA:81,11
DA:83,11
LF:53
LH:53
BRDA:27,0,0,11
BRDA:47,1,0,2
BRDA:48,2,0,9
BRDA:50,3,0,1
BRDA:50,4,0,10
BRDA:58,5,0,3
BRDA:71,6,0,2
BRDA:71,7,0,9
BRDA:71,8,0,2
BRDA:71,9,0,7
BRDA:72,10,0,2
BRDA:72,11,0,9
BRDA:75,12,0,2
BRDA:78,13,0,9
BRDA:78,14,0,2
BRDA:79,15,0,1
BRDA:79,16,0,1
BRF:17
BRH:17
end_of_record
TN:
SF:app/components/FormSelect.stories.tsx
FN:1,(empty-report)
FNF:1
FNH:0
FNDA:0,(empty-report)
DA:1,0
DA:3,0
DA:5,0
DA:6,0
DA:7,0
DA:8,0
DA:9,0
DA:10,0
DA:12,0
DA:13,0
DA:14,0
DA:15,0
DA:16,0
DA:17,0
DA:18,0
DA:19,0
DA:20,0
DA:22,0
DA:23,0
DA:24,0
DA:27,0
DA:28,0
DA:29,0
DA:30,0
DA:32,0
DA:33,0
DA:34,0
DA:35,0
DA:36,0
DA:37,0
DA:38,0
DA:40,0
DA:41,0
DA:42,0
DA:43,0
DA:44,0
DA:45,0
DA:46,0
DA:47,0
DA:49,0
DA:50,0
DA:51,0
DA:52,0
DA:53,0
DA:54,0
DA:55,0
DA:56,0
DA:57,0
LF:48
LH:0
BRDA:1,0,0,0
BRF:1
BRH:0
end_of_record
TN:
SF:app/components/FormSelect.tsx
FN:27,FormSelect
FNF:1
FNH:1
FNDA:6,FormSelect
DA:1,1
DA:27,1
DA:28,6
DA:29,6
DA:30,6
DA:31,6
DA:32,6
DA:33,6
DA:34,6
DA:35,6
DA:36,6
DA:37,6
DA:38,6
DA:39,6
DA:40,6
DA:41,6
DA:42,6
DA:43,6
DA:44,6
DA:46,6
DA:47,6
DA:48,6
DA:49,2
DA:50,2
DA:51,2
DA:53,6
DA:54,6
DA:55,6
DA:56,6
DA:57,6
DA:58,6
DA:60,6
DA:61,12
DA:62,12
DA:63,12
DA:64,6
DA:65,6
DA:66,6
DA:68,6
LF:39
LH:39
BRDA:27,0,0,6
BRDA:41,1,0,1
BRDA:41,2,0,5
BRDA:48,3,0,2
BRDA:60,4,0,12
BRF:5
BRH:5
end_of_record
TN:
SF:app/components/FormTextarea.stories.tsx
FN:1,(empty-report)
FNF:1
FNH:0
FNDA:0,(empty-report)
DA:1,0
DA:3,0
DA:5,0
DA:6,0
DA:7,0
DA:8,0
DA:9,0
DA:10,0
DA:11,0
DA:12,0
DA:13,0
DA:15,0
DA:16,0
DA:17,0
DA:20,0
DA:21,0
DA:22,0
DA:23,0
DA:25,0
DA:26,0
DA:27,0
DA:28,0
DA:29,0
DA:30,0
DA:32,0
DA:33,0
DA:34,0
DA:35,0
DA:36,0
DA:37,0
DA:38,0
DA:39,0
DA:40,0
DA:42,0
DA:43,0
DA:44,0
DA:45,0
DA:46,0
DA:47,0
DA:48,0
DA:49,0
DA:51,0
DA:52,0
DA:53,0
DA:54,0
DA:55,0
DA:56,0
DA:57,0
DA:58,0
LF:49
LH:0
BRDA:1,0,0,0
BRF:1
BRH:0
end_of_record
TN:
SF:app/components/FormTextarea.tsx
FN:29,FormTextarea
FNF:1
FNH:1
FNDA:9,FormTextarea
DA:1,1
DA:29,1
DA:30,9
DA:31,9
DA:32,9
DA:33,9
DA:34,9
DA:35,9
DA:36,9
DA:37,9
DA:38,9
DA:39,9
DA:40,9
DA:41,9
DA:42,9
DA:43,9
DA:44,9
DA:45,9
DA:46,9
DA:48,9
DA:49,9
DA:50,9
DA:51,9
DA:52,2
DA:53,7
DA:54,9
DA:55,9
DA:56,9
DA:57,9
DA:58,9
DA:60,9
DA:61,9
DA:62,9
DA:63,2
DA:64,2
DA:65,2
DA:67,9
DA:68,9
DA:69,9
DA:70,9
DA:71,9
DA:72,9
DA:73,9
DA:74,9
DA:75,9
DA:76,9
DA:77,9
DA:78,9
DA:79,9
DA:80,9
DA:81,2
DA:83,9
DA:84,2
DA:85,2
DA:86,2
DA:88,9
DA:90,9
LF:57
LH:57
BRDA:29,0,0,9
BRDA:46,1,0,3
BRDA:51,2,0,2
BRDA:52,3,0,7
BRDA:54,4,0,1
BRDA:54,5,0,8
BRDA:62,6,0,2
BRDA:76,7,0,2
BRDA:76,8,0,7
BRDA:76,9,0,2
BRDA:76,10,0,5
BRDA:77,11,0,2
BRDA:77,12,0,7
BRDA:80,13,0,2
BRDA:83,14,0,7
BRDA:83,15,0,2
BRDA:84,16,0,1
BRDA:84,17,0,1
BRF:18
BRH:18
end_of_record
TN:
SF:app/components/LegalFooter.stories.tsx
FN:1,(empty-report)
FNF:1
FNH:1
FNDA:1,(empty-report)
DA:2,0
DA:6,0
DA:7,0
DA:8,0
DA:9,0
DA:10,0
DA:11,0
DA:14,0
LF:8
LH:0
BRDA:1,0,0,1
BRF:1
BRH:1
end_of_record
TN:
SF:app/components/LegalFooter.tsx
FN:3,LegalFooter
FNF:1
FNH:1
FNDA:2,LegalFooter
DA:1,1
DA:3,1
DA:4,2
DA:5,2
DA:6,2
DA:7,2
DA:8,2
DA:9,2
DA:10,2
DA:12,2
LF:10
LH:10
BRDA:3,0,0,2
BRF:1
BRH:1
end_of_record
TN:
SF:app/components/PixelButton.stories.tsx
FN:1,(empty-report)
FNF:1
FNH:1
FNDA:1,(empty-report)
DA:3,0
DA:4,0
DA:18,0
DA:19,0
DA:20,0
DA:21,0
DA:22,0
DA:23,0
DA:24,0
DA:25,0
DA:26,0
DA:27,0
DA:28,0
DA:29,0
DA:30,0
DA:31,0
DA:32,0
DA:33,0
DA:34,0
DA:35,0
DA:36,0
DA:37,0
DA:38,0
DA:39,0
DA:42,0
DA:43,0
DA:44,0
DA:45,0
DA:46,0
DA:48,0
DA:49,0
DA:50,0
DA:51,0
DA:52,0
DA:53,0
DA:54,0
DA:55,0
DA:56,0
DA:58,0
DA:60,0
DA:61,0
DA:62,0
DA:63,0
DA:64,0
DA:65,0
DA:66,0
DA:68,0
DA:70,0
DA:71,0
DA:72,0
DA:73,0
DA:74,0
DA:75,0
DA:76,0
DA:77,0
DA:79,0
DA:81,0
DA:82,0
DA:83,0
DA:84,0
DA:85,0
DA:86,0
DA:87,0
DA:89,0
DA:91,0
DA:92,0
DA:93,0
DA:95,0
DA:96,0
DA:97,0
DA:99,0
DA:101,0
DA:103,0
DA:104,0
DA:105,0
DA:106,0
DA:107,0
DA:108,0
DA:109,0
DA:110,0
DA:111,0
DA:112,0
DA:113,0
DA:114,0
LF:84
LH:0
BRDA:1,0,0,1
BRF:1
BRH:1
end_of_record
TN:
SF:app/components/PixelButton.tsx
FN:71,buildClassName
FN:92,PixelButton2
FNF:2
FNH:2
FNDA:23,buildClassName
FNDA:23,PixelButton2
DA:1,1
DA:2,1
DA:20,1
DA:21,1
DA:22,1
DA:23,1
DA:24,1
DA:25,1
DA:26,1
DA:27,1
DA:28,1
DA:29,1
DA:30,1
DA:31,1
DA:32,1
DA:33,1
DA:34,1
DA:35,1
DA:36,1
DA:37,1
DA:38,1
DA:39,1
DA:40,1
DA:41,1
DA:42,1
DA:43,1
DA:44,1
DA:45,1
DA:46,1
DA:47,1
DA:48,1
DA:49,1
DA:50,1
DA:51,1
DA:52,1
DA:53,1
DA:54,1
DA:55,1
DA:56,1
DA:57,1
DA:58,1
DA:59,1
DA:60,1
DA:61,1
DA:62,1
DA:63,1
DA:65,1
DA:66,1
DA:67,1
DA:68,1
DA:69,1
DA:71,23
DA:72,23
DA:73,23
DA:75,23
DA:76,23
DA:77,23
DA:78,23
DA:79,23
DA:80,23
DA:82,23
DA:83,23
DA:85,23
DA:87,23
DA:88,23
DA:89,23
DA:91,1
DA:92,1
DA:93,23
DA:95,23
DA:96,23
DA:97,23
DA:98,23
DA:99,23
DA:102,23
DA:103,22
DA:104,22
DA:105,22
DA:106,22
DA:107,22
DA:108,22
DA:110,22
DA:111,22
DA:113,22
DA:115,4
DA:116,0
DA:117,0
DA:118,0
DA:119,0
DA:120,0
DA:121,0
DA:122,0
DA:124,0
DA:125,0
DA:127,0
DA:129,1
DA:130,1
DA:131,1
DA:132,1
DA:133,1
DA:134,1
DA:135,1
DA:137,1
DA:138,1
DA:140,23
DA:141,1
LF:106
LH:96
BRDA:71,0,0,23
BRDA:85,1,0,19
BRDA:85,2,0,4
BRDA:92,3,0,23
BRDA:97,4,0,9
BRDA:102,5,0,22
BRDA:113,6,0,4
BRDA:113,7,0,1
BRDA:115,8,0,0
BRDA:127,9,0,1
BRF:10
BRH:9
end_of_record
TN:
SF:app/components/SectionHeader.stories.tsx
FN:1,(empty-report)
FNF:1
FNH:1
FNDA:1,(empty-report)
DA:3,0
DA:5,0
DA:6,0
DA:7,0
DA:8,0
DA:9,0
DA:10,0
DA:11,0
DA:12,0
DA:13,0
DA:15,0
DA:16,0
DA:17,0
DA:20,0
DA:21,0
DA:22,0
DA:23,0
DA:24,0
DA:25,0
DA:26,0
DA:28,0
DA:29,0
DA:30,0
DA:31,0
DA:32,0
DA:33,0
DA:34,0
DA:36,0
DA:37,0
DA:38,0
DA:39,0
DA:40,0
DA:41,0
DA:42,0
DA:44,0
DA:45,0
DA:46,0
DA:47,0
DA:48,0
DA:49,0
DA:50,0
DA:52,0
DA:53,0
DA:54,0
DA:55,0
DA:56,0
DA:57,0
DA:58,0
DA:60,0
DA:61,0
DA:62,0
DA:63,0
DA:64,0
DA:65,0
DA:66,0
LF:55
LH:0
BRDA:1,0,0,1
BRF:1
BRH:1
end_of_record
TN:
SF:app/components/SectionHeader.tsx
FN:36,SectionHeader
FNF:1
FNH:1
FNDA:10,SectionHeader
DA:23,1
DA:24,1
DA:25,1
DA:26,1
DA:27,1
DA:28,1
DA:30,1
DA:31,1
DA:32,1
DA:33,1
DA:34,1
DA:36,1
DA:37,10
DA:38,10
DA:39,10
DA:40,10
DA:41,10
DA:42,10
DA:43,10
DA:44,10
DA:45,10
DA:47,10
DA:48,10
DA:50,10
LF:24
LH:24
BRDA:36,0,0,10
BRF:1
BRH:1
end_of_record
TN:
SF:app/components/StatusBanner.stories.tsx
FN:1,(empty-report)
FNF:1
FNH:1
FNDA:1,(empty-report)
DA:3,0
DA:5,0
DA:6,0
DA:7,0
DA:8,0
DA:9,0
DA:10,0
DA:11,0
DA:12,0
DA:13,0
DA:15,0
DA:16,0
DA:17,0
DA:20,0
DA:21,0
DA:22,0
DA:23,0
DA:24,0
DA:25,0
DA:27,0
DA:28,0
DA:29,0
DA:30,0
DA:31,0
DA:32,0
DA:34,0
DA:35,0
DA:36,0
DA:37,0
DA:38,0
DA:39,0
DA:41,0
DA:42,0
DA:43,0
DA:44,0
DA:45,0
DA:46,0
DA:48,0
DA:49,0
DA:50,0
DA:51,0
DA:52,0
DA:53,0
DA:54,0
DA:55,0
LF:45
LH:0
BRDA:1,0,0,1
BRF:1
BRH:1
end_of_record
TN:
SF:app/components/StatusBanner.tsx
FN:27,StatusBanner
FNF:1
FNH:1
FNDA:12,StatusBanner
DA:20,1
DA:21,1
DA:22,1
DA:23,1
DA:24,1
DA:25,1
DA:27,1
DA:28,12
DA:29,12
DA:30,12
DA:31,12
DA:32,12
DA:33,12
DA:34,12
DA:35,12
DA:36,12
DA:37,12
DA:39,12
DA:40,12
DA:41,2
DA:42,2
DA:43,2
DA:44,2
DA:45,2
DA:46,2
DA:48,2
DA:50,12
DA:52,12
LF:28
LH:28
BRDA:27,0,0,12
BRDA:37,1,0,9
BRDA:37,2,0,5
BRDA:37,3,0,7
BRDA:40,4,0,2
BRDA:40,5,0,2
BRF:6
BRH:6
end_of_record
TN:
SF:app/components/StepWizard.stories.tsx
FN:1,(empty-report)
FNF:1
FNH:1
FNDA:1,(empty-report)
DA:3,0
DA:5,0
DA:7,0
DA:8,0
DA:9,0
DA:10,0
DA:11,0
DA:12,0
DA:13,0
DA:14,0
DA:15,0
DA:17,0
DA:18,0
DA:19,0
DA:22,0
DA:23,0
DA:24,0
DA:25,0
DA:26,0
DA:27,0
DA:29,0
DA:30,0
DA:31,0
DA:32,0
DA:33,0
DA:34,0
DA:36,0
DA:37,0
DA:38,0
DA:39,0
DA:40,0
DA:41,0
LF:32
LH:0
BRDA:1,0,0,1
BRF:1
BRH:1
end_of_record
TN:
SF:app/components/StepWizard.tsx
FN:13,StepWizard
FN:21,onClick
FNF:2
FNH:2
FNDA:6,StepWizard
FNDA:2,onClick
DA:1,1
DA:13,1
DA:14,6
DA:15,6
DA:16,6
DA:17,6
DA:18,30
DA:19,30
DA:20,30
DA:21,30
DA:22,30
DA:23,30
DA:24,30
DA:25,30
DA:26,6
DA:27,24
DA:28,3
DA:29,21
DA:30,30
DA:32,30
DA:33,30
DA:34,30
DA:35,24
DA:36,24
DA:37,24
DA:38,24
DA:39,24
DA:41,30
DA:42,6
DA:43,6
DA:44,6
DA:45,6
DA:46,30
DA:47,30
DA:48,30
DA:49,30
DA:50,6
DA:51,24
DA:52,3
DA:53,21
DA:54,30
DA:56,30
DA:57,54
DA:58,54
DA:59,54
DA:60,30
DA:61,30
DA:62,6
DA:63,6
DA:64,6
DA:66,6
LF:51
LH:51
BRDA:13,0,0,6
BRDA:17,1,0,30
BRDA:23,2,0,6
BRDA:23,3,0,24
BRDA:25,4,0,6
BRDA:26,5,0,24
BRDA:27,6,0,3
BRDA:28,7,0,21
BRDA:34,8,0,24
BRDA:37,9,0,3
BRDA:37,10,0,21
BRDA:21,11,0,2
BRDA:21,12,0,1
BRDA:45,13,0,30
BRDA:49,14,0,6
BRDA:50,15,0,24
BRDA:51,16,0,3
BRDA:52,17,0,21
BRDA:56,18,0,54
BRF:19
BRH:19
end_of_record
TN:
SF:app/components/Toast.stories.tsx
FN:1,(empty-report)
FNF:1
FNH:1
FNDA:1,(empty-report)
DA:2,0
DA:3,0
DA:5,0
DA:6,0
DA:7,0
DA:8,0
DA:9,0
DA:10,0
DA:13,0
DA:14,0
DA:15,0
DA:16,0
DA:17,0
DA:18,0
DA:19,0
DA:20,0
DA:22,0
DA:23,0
DA:25,0
DA:26,0
DA:27,0
DA:28,0
DA:29,0
DA:30,0
DA:31,0
DA:32,0
DA:34,0
DA:35,0
DA:36,0
DA:37,0
DA:38,0
DA:39,0
DA:40,0
DA:41,0
DA:43,0
DA:44,0
DA:46,0
LF:37
LH:0
BRDA:1,0,0,1
BRF:1
BRH:1
end_of_record
TN:
SF:app/components/Toast.tsx
FN:1,(empty-report)
FNF:1
FNH:0
FNDA:0,(empty-report)
DA:1,0
DA:8,0
DA:10,0
DA:11,0
DA:12,0
DA:14,0
DA:15,0
DA:16,0
DA:18,0
DA:20,0
DA:21,0
DA:22,0
DA:23,0
DA:24,0
DA:25,0
DA:26,0
DA:29,0
DA:30,0
DA:31,0
DA:32,0
DA:33,0
DA:34,0
DA:35,0
DA:37,0
DA:38,0
DA:39,0
DA:40,0
DA:41,0
DA:43,0
DA:45,0
DA:46,0
DA:48,0
LF:32
LH:0
BRDA:1,0,0,0
BRF:1
BRH:0
end_of_record
TN:
SF:app/components/Topbar.stories.tsx
FN:1,(empty-report)
FNF:1
FNH:1
FNDA:1,(empty-report)
DA:2,0
DA:6,0
DA:7,0
DA:8,0
DA:9,0
DA:10,0
DA:11,0
DA:12,0
DA:13,0
DA:14,0
DA:17,0
LF:11
LH:0
BRDA:1,0,0,1
BRF:1
BRH:1
end_of_record
TN:
SF:app/components/Topbar.tsx
FN:5,Topbar
FN:11,handleClickOutside
FN:47,onClick
FN:60,onClick
FN:66,onClick
FNF:5
FNH:3
FNDA:7,Topbar
FNDA:0,handleClickOutside
FNDA:1,onClick
FNDA:0,onClick
FNDA:1,onClick
DA:1,1
DA:2,1
DA:3,1
DA:5,1
DA:6,7
DA:7,7
DA:8,7
DA:10,7
DA:11,5
DA:12,0
DA:13,0
DA:14,0
DA:15,0
DA:16,5
DA:17,5
DA:18,7
DA:20,7
DA:22,6
DA:23,6
DA:24,6
DA:25,6
DA:26,6
DA:27,6
DA:29,6
DA:31,6
DA:32,6
DA:33,1
DA:34,1
DA:35,1
DA:36,1
DA:37,1
DA:39,5
DA:41,5
DA:44,7
DA:45,7
DA:46,7
DA:47,7
DA:48,7
DA:49,7
DA:51,7
DA:52,7
DA:53,7
DA:55,7
DA:56,1
DA:57,1
DA:58,1
DA:59,1
DA:60,1
DA:61,1
DA:63,1
DA:64,1
DA:65,1
DA:66,1
DA:67,1
DA:68,1
DA:70,1
DA:71,1
DA:73,7
DA:74,7
DA:75,7
DA:77,7
LF:61
LH:57
BRDA:5,0,0,7
BRDA:20,1,0,1
BRDA:20,2,0,6
BRDA:32,3,0,1
BRDA:35,4,0,0
BRDA:37,5,0,5
BRDA:51,6,0,0
BRDA:55,7,0,1
BRDA:10,8,0,5
BRDA:17,9,0,5
BRDA:47,10,0,1
BRDA:47,11,0,1
BRDA:66,12,0,1
BRF:13
BRH:11
end_of_record
TN:
SF:app/components/campaign/CampaignCard.stories.tsx
FN:1,(empty-report)
FNF:1
FNH:1
FNDA:1,(empty-report)
DA:3,0
DA:4,0
DA:6,0
DA:7,0
DA:8,0
DA:9,0
DA:10,0
DA:11,0
DA:12,0
DA:13,0
DA:14,0
DA:15,0
DA:16,0
DA:17,0
DA:18,0
DA:19,0
DA:20,0
DA:21,0
DA:22,0
DA:23,0
DA:24,0
DA:25,0
DA:26,0
DA:27,0
DA:28,0
DA:29,0
DA:30,0
DA:31,0
DA:32,0
DA:33,0
DA:34,0
DA:35,0
DA:37,0
DA:38,0
DA:39,0
DA:40,0
DA:41,0
DA:42,0
DA:43,0
DA:44,0
DA:45,0
DA:46,0
DA:48,0
DA:49,0
DA:50,0
DA:53,0
DA:54,0
DA:55,0
DA:57,0
DA:58,0
DA:59,0
DA:60,0
DA:61,0
DA:62,0
DA:63,0
DA:64,0
DA:65,0
DA:67,0
DA:68,0
DA:69,0
DA:70,0
DA:71,0
DA:72,0
DA:73,0
DA:74,0
DA:75,0
DA:76,0
DA:78,0
DA:79,0
DA:80,0
DA:81,0
DA:82,0
DA:84,0
DA:85,0
DA:86,0
DA:87,0
DA:88,0
DA:90,0
DA:91,0
DA:92,0
DA:93,0
DA:94,0
DA:95,0
DA:96,0
DA:97,0
DA:98,0
DA:99,0
DA:100,0
DA:101,0
DA:102,0
DA:103,0
DA:104,0
DA:106,0
DA:107,0
DA:108,0
DA:109,0
DA:110,0
DA:111,0
DA:112,0
DA:113,0
DA:114,0
DA:115,0
DA:116,0
DA:117,0
DA:118,0
DA:119,0
DA:120,0
DA:121,0
LF:108
LH:0
BRDA:1,0,0,1
BRF:1
BRH:1
end_of_record
TN:
SF:app/components/campaign/CampaignCard.tsx
FN:18,CampaignCard
FNF:1
FNH:1
FNDA:11,CampaignCard
DA:2,1
DA:3,1
DA:4,1
DA:5,1
DA:6,1
DA:7,1
DA:8,1
DA:9,1
DA:18,1
DA:19,11
DA:20,11
DA:21,11
DA:22,11
DA:23,11
DA:24,11
DA:25,11
DA:27,11
DA:29,11
DA:30,11
DA:31,11
DA:32,11
DA:33,11
DA:34,11
DA:35,11
DA:36,11
DA:37,11
DA:38,11
DA:39,11
DA:42,11
DA:43,11
DA:44,8
DA:46,11
DA:47,11
DA:48,11
DA:49,11
DA:50,11
DA:51,11
DA:52,11
DA:53,11
DA:54,11
DA:55,11
DA:57,11
DA:58,11
DA:59,8
DA:60,8
DA:61,8
DA:62,8
DA:63,8
DA:64,8
DA:65,8
DA:66,8
DA:67,8
DA:69,8
DA:71,11
DA:72,11
DA:73,11
DA:74,11
DA:75,11
DA:76,11
DA:78,11
DA:79,11
DA:80,11
DA:81,11
DA:82,11
DA:83,11
DA:85,11
LF:66
LH:66
BRDA:18,0,0,11
BRDA:43,1,0,8
BRDA:43,2,0,8
BRDA:58,3,0,8
BRF:4
BRH:4
end_of_record
TN:
SF:app/components/campaign/CampaignDescription.stories.tsx
FN:1,(empty-report)
FNF:1
FNH:1
FNDA:1,(empty-report)
DA:3,0
DA:5,0
DA:6,0
DA:7,0
DA:8,0
DA:9,0
DA:10,0
DA:11,0
DA:12,0
DA:13,0
DA:15,0
DA:16,0
DA:17,0
DA:20,0
DA:21,0
DA:22,0
DA:23,0
DA:24,0
DA:25,0
DA:27,0
DA:28,0
DA:29,0
DA:31,0
DA:32,0
DA:33,0
DA:35,0
DA:36,0
DA:37,0
DA:38,0
DA:44,0
DA:45,0
LF:31
LH:0
BRDA:1,0,0,1
BRF:1
BRH:1
end_of_record
TN:
SF:app/components/campaign/CampaignDescription.tsx
FN:7,CampaignDescription
FNF:1
FNH:1
FNDA:13,CampaignDescription
DA:7,1
DA:8,13
DA:10,12
DA:11,12
DA:12,12
DA:13,12
DA:15,12
LF:7
LH:7
BRDA:7,0,0,13
BRDA:8,1,0,12
BRDA:8,2,0,1
BRF:3
BRH:3
end_of_record
TN:
SF:app/components/campaign/CampaignHeroBanner.stories.tsx
FN:1,(empty-report)
FNF:1
FNH:1
FNDA:1,(empty-report)
DA:3,0
DA:5,0
DA:6,0
DA:7,0
DA:8,0
DA:9,0
DA:10,0
DA:11,0
DA:12,0
DA:13,0
DA:14,0
DA:15,0
DA:16,0
DA:17,0
DA:18,0
DA:20,0
DA:21,0
DA:22,0
DA:25,0
DA:26,0
DA:27,0
DA:28,0
DA:29,0
DA:30,0
DA:31,0
DA:33,0
DA:34,0
DA:35,0
DA:36,0
DA:37,0
DA:38,0
DA:39,0
DA:41,0
DA:42,0
DA:43,0
DA:44,0
DA:45,0
DA:46,0
DA:47,0
LF:39
LH:0
BRDA:1,0,0,1
BRF:1
BRH:1
end_of_record
TN:
SF:app/components/campaign/CampaignHeroBanner.tsx
FN:9,isValidImagePath
FN:16,CampaignHeroBanner
FNF:2
FNH:2
FNDA:2,isValidImagePath
FNDA:17,CampaignHeroBanner
DA:9,2
DA:10,2
DA:11,2
DA:12,1
DA:14,2
DA:16,1
DA:17,17
DA:18,17
DA:20,17
DA:21,17
DA:22,17
DA:23,1
DA:24,1
DA:25,1
DA:26,1
DA:27,1
DA:29,16
DA:30,16
DA:31,16
DA:32,16
DA:33,15
DA:34,1
DA:35,16
DA:36,16
DA:40,17
DA:43,17
DA:44,17
DA:45,17
DA:47,17
DA:48,17
DA:51,17
DA:52,17
DA:53,17
DA:54,17
DA:55,17
DA:56,17
DA:58,17
LF:37
LH:37
BRDA:9,0,0,2
BRDA:11,1,0,1
BRDA:16,2,0,17
BRDA:18,3,0,2
BRDA:22,4,0,1
BRDA:27,5,0,16
BRDA:32,6,0,15
BRDA:33,7,0,1
BRDA:45,8,0,16
BRDA:45,9,0,1
BRDA:45,10,0,16
BRDA:45,11,0,1
BRDA:47,12,0,16
BRDA:47,13,0,1
BRF:14
BRH:14
end_of_record
TN:
SF:app/components/campaign/ExternalLinkItem.stories.tsx
FN:1,(empty-report)
FNF:1
FNH:1
FNDA:1,(empty-report)
DA:3,0
DA:5,0
DA:6,0
DA:7,0
DA:8,0
DA:9,0
DA:10,0
DA:11,0
DA:12,0
DA:13,0
DA:15,0
DA:16,0
DA:17,0
DA:20,0
DA:21,0
DA:22,0
DA:24,0
DA:25,0
DA:26,0
DA:28,0
DA:29,0
DA:30,0
LF:22
LH:0
BRDA:1,0,0,1
BRF:1
BRH:1
end_of_record
TN:
SF:app/components/campaign/ExternalLinkItem.tsx
FN:8,isSafeUrl
FN:17,ExternalLinkItem
FNF:2
FNH:2
FNDA:21,isSafeUrl
FNDA:21,ExternalLinkItem
DA:8,21
DA:9,21
DA:10,21
DA:11,21
DA:12,21
DA:13,0
DA:14,0
DA:15,21
DA:17,1
DA:18,21
DA:20,21
DA:21,21
DA:22,21
DA:23,21
DA:24,21
DA:25,21
DA:27,21
DA:28,21
DA:29,21
DA:31,21
LF:20
LH:18
BRDA:8,0,0,21
BRDA:12,1,0,0
BRDA:17,2,0,21
BRDA:18,3,0,0
BRF:4
BRH:2
end_of_record
TN:
SF:app/components/campaign/ExternalLinkList.stories.tsx
FN:1,(empty-report)
FNF:1
FNH:1
FNDA:1,(empty-report)
DA:3,0
DA:5,0
DA:6,0
DA:7,0
DA:8,0
DA:9,0
DA:10,0
DA:11,0
DA:12,0
DA:13,0
DA:15,0
DA:16,0
DA:17,0
DA:20,0
DA:21,0
DA:22,0
DA:23,0
DA:24,0
DA:25,0
DA:26,0
DA:27,0
DA:28,0
DA:30,0
DA:31,0
DA:32,0
DA:33,0
DA:34,0
DA:36,0
DA:37,0
DA:38,0
LF:30
LH:0
BRDA:1,0,0,1
BRF:1
BRH:1
end_of_record
TN:
SF:app/components/campaign/ExternalLinkList.tsx
FN:8,ExternalLinkList
FNF:1
FNH:1
FNDA:15,ExternalLinkList
DA:2,1
DA:8,1
DA:9,15
DA:10,15
DA:11,15
DA:13,15
DA:15,14
DA:16,14
DA:17,14
DA:18,14
DA:19,14
DA:20,17
DA:21,14
DA:22,14
DA:23,14
DA:25,14
LF:16
LH:16
BRDA:8,0,0,15
BRDA:13,1,0,1
BRDA:13,2,0,14
BRDA:10,3,0,17
BRDA:19,4,0,17
BRF:5
BRH:5
end_of_record
TN:
SF:app/components/campaign/InviteCodeField.stories.tsx
FN:1,(empty-report)
FNF:1
FNH:1
FNDA:1,(empty-report)
DA:3,0
DA:4,0
DA:6,0
DA:7,0
DA:8,0
DA:9,0
DA:10,0
DA:11,0
DA:12,0
DA:13,0
DA:14,0
DA:15,0
DA:17,0
DA:18,0
DA:19,0
DA:22,0
DA:23,0
DA:24,0
DA:26,0
DA:27,0
DA:28,0
LF:21
LH:0
BRDA:1,0,0,1
BRF:1
BRH:1
end_of_record
TN:
SF:app/components/campaign/InviteCodeField.tsx
FN:8,InviteCodeField
FN:9,handleCopy
FNF:2
FNH:2
FNDA:12,InviteCodeField
FNDA:2,handleCopy
DA:2,1
DA:8,1
DA:9,12
DA:10,2
DA:11,2
DA:12,2
DA:13,2
DA:14,2
DA:15,2
DA:16,0
DA:17,0
DA:18,2
DA:20,12
DA:21,12
DA:22,12
DA:23,12
DA:24,12
DA:25,12
DA:26,12
DA:27,12
DA:28,12
DA:29,12
DA:30,12
DA:31,12
DA:32,12
DA:33,12
DA:34,12
DA:35,12
DA:37,12
DA:38,12
DA:39,12
DA:41,12
LF:32
LH:30
BRDA:8,0,0,12
BRDA:9,1,0,2
BRDA:15,2,0,0
BRDA:13,3,0,1
BRDA:14,4,0,1
BRF:5
BRH:4
end_of_record
TN:
SF:app/components/campaign/NextSessionBadge.stories.tsx
FN:1,(empty-report)
FNF:1
FNH:1
FNDA:1,(empty-report)
DA:3,0
DA:5,0
DA:6,0
DA:7,0
DA:8,0
DA:9,0
DA:10,0
DA:11,0
DA:12,0
DA:13,0
DA:15,0
DA:16,0
DA:17,0
DA:20,0
DA:21,0
DA:22,0
DA:23,0
DA:24,0
DA:25,0
DA:27,0
DA:28,0
DA:29,0
DA:30,0
DA:31,0
DA:32,0
DA:34,0
DA:35,0
DA:36,0
DA:37,0
DA:38,0
DA:39,0
LF:31
LH:0
BRDA:1,0,0,1
BRF:1
BRH:1
end_of_record
TN:
SF:app/components/campaign/NextSessionBadge.tsx
FN:12,NextSessionBadge
FNF:1
FNH:1
FNDA:13,NextSessionBadge
DA:2,1
DA:12,1
DA:13,13
DA:14,13
DA:15,13
DA:16,13
DA:17,13
DA:18,13
DA:19,12
DA:20,12
DA:21,12
DA:23,1
DA:25,13
DA:26,13
DA:28,13
LF:15
LH:15
BRDA:12,0,0,13
BRDA:15,1,0,12
BRDA:15,2,0,1
BRDA:18,3,0,12
BRDA:21,4,0,1
BRF:5
BRH:5
end_of_record
TN:
SF:app/components/campaign/PartyMemberChip.stories.tsx
FN:1,(empty-report)
FNF:1
FNH:1
FNDA:1,(empty-report)
DA:3,0
DA:5,0
DA:6,0
DA:7,0
DA:8,0
DA:9,0
DA:10,0
DA:11,0
DA:12,0
DA:13,0
DA:15,0
DA:16,0
DA:17,0
DA:20,0
DA:21,0
DA:22,0
DA:23,0
DA:24,0
DA:25,0
DA:26,0
DA:28,0
DA:29,0
DA:30,0
DA:31,0
DA:32,0
DA:33,0
DA:34,0
DA:36,0
DA:37,0
DA:38,0
DA:39,0
DA:40,0
DA:41,0
DA:42,0
LF:34
LH:0
BRDA:1,0,0,1
BRF:1
BRH:1
end_of_record
TN:
SF:app/components/campaign/PartyMemberChip.tsx
FN:9,PartyMemberChip
FNF:1
FNH:1
FNDA:43,PartyMemberChip
DA:9,1
DA:10,43
DA:11,43
DA:12,43
DA:13,43
DA:14,1
DA:16,42
DA:18,43
DA:19,43
DA:20,43
DA:21,43
DA:22,43
DA:23,43
DA:25,43
LF:14
LH:14
BRDA:9,0,0,43
BRDA:13,1,0,1
BRDA:14,2,0,42
BRF:3
BRH:3
end_of_record
TN:
SF:app/components/campaign/PartyMemberList.stories.tsx
FN:1,(empty-report)
FNF:1
FNH:1
FNDA:1,(empty-report)
DA:3,0
DA:5,0
DA:6,0
DA:7,0
DA:8,0
DA:9,0
DA:10,0
DA:11,0
DA:12,0
DA:13,0
DA:15,0
DA:16,0
DA:17,0
DA:20,0
DA:21,0
DA:22,0
DA:23,0
DA:24,0
DA:26,0
DA:27,0
DA:28,0
DA:30,0
DA:31,0
DA:32,0
DA:34,0
DA:35,0
DA:36,0
DA:38,0
DA:39,0
DA:40,0
DA:41,0
DA:42,0
DA:43,0
DA:44,0
DA:45,0
DA:46,0
DA:47,0
DA:48,0
DA:49,0
DA:51,0
DA:52,0
DA:53,0
LF:42
LH:0
BRDA:1,0,0,1
BRF:1
BRH:1
end_of_record
TN:
SF:app/components/campaign/PartyMemberList.tsx
FN:16,PartyMemberList
FNF:1
FNH:1
FNDA:17,PartyMemberList
DA:2,1
DA:16,1
DA:17,17
DA:18,17
DA:19,17
DA:20,17
DA:22,17
DA:24,16
DA:25,16
DA:26,16
DA:27,16
DA:28,16
DA:29,40
DA:30,40
DA:31,40
DA:32,40
DA:33,40
DA:34,40
DA:35,16
DA:36,16
DA:37,28
DA:38,28
DA:39,28
DA:41,28
DA:42,28
DA:43,28
DA:44,28
DA:45,28
DA:46,16
DA:47,16
DA:48,16
DA:50,16
LF:32
LH:32
BRDA:16,0,0,17
BRDA:22,1,0,1
BRDA:22,2,0,1
BRDA:22,3,0,16
BRDA:28,4,0,40
BRDA:36,5,0,28
BRF:6
BRH:6
end_of_record
TN:
SF:app/components/mainview/CampaignHeader.stories.tsx
FN:1,(empty-report)
FNF:1
FNH:1
FNDA:1,(empty-report)
DA:2,0
DA:6,0
DA:7,0
DA:8,0
DA:9,0
DA:10,0
DA:11,0
DA:12,0
DA:13,0
DA:14,0
DA:15,0
DA:16,0
DA:17,0
DA:18,0
DA:19,0
DA:20,0
DA:23,0
DA:24,0
DA:25,0
DA:26,0
DA:27,0
DA:29,0
DA:30,0
DA:31,0
DA:32,0
DA:33,0
DA:35,0
DA:36,0
DA:37,0
DA:38,0
DA:39,0
LF:31
LH:0
BRDA:1,0,0,1
BRF:1
BRH:1
end_of_record
TN:
SF:app/components/mainview/CampaignHeader.tsx
FN:14,CampaignHeader
FN:41,onKeyDown
FN:54,onClick
FNF:3
FNH:3
FNDA:12,CampaignHeader
FNDA:1,onKeyDown
FNDA:2,onClick
DA:1,1
DA:2,1
DA:3,1
DA:4,1
DA:14,1
DA:15,12
DA:17,12
DA:18,12
DA:20,12
DA:21,12
DA:22,12
DA:23,12
DA:24,12
DA:26,12
DA:29,12
DA:30,1
DA:31,1
DA:32,1
DA:36,12
DA:37,12
DA:38,12
DA:39,12
DA:40,12
DA:41,12
DA:43,12
DA:44,24
DA:45,24
DA:46,24
DA:47,24
DA:48,24
DA:49,24
DA:50,24
DA:51,24
DA:52,24
DA:53,24
DA:54,24
DA:55,24
DA:56,24
DA:57,12
DA:58,12
DA:59,24
DA:61,24
DA:62,24
DA:64,12
DA:65,12
DA:68,12
DA:69,12
DA:70,12
DA:71,12
DA:72,12
DA:73,12
DA:75,12
DA:77,12
DA:78,12
DA:79,12
DA:81,12
LF:56
LH:56
BRDA:14,0,0,12
BRDA:29,1,0,1
BRDA:41,2,0,1
BRDA:43,3,0,24
BRDA:53,4,0,12
BRDA:53,5,0,12
BRDA:56,6,0,12
BRDA:57,7,0,12
BRDA:54,8,0,2
BRF:9
BRH:9
end_of_record
TN:
SF:app/components/mainview/ChatPanel.stories.tsx
FN:1,(empty-report)
FNF:1
FNH:1
FNDA:1,(empty-report)
DA:2,0
DA:4,0
DA:5,0
DA:6,0
DA:7,0
DA:8,0
DA:9,0
DA:10,0
DA:11,0
DA:12,0
DA:13,0
DA:14,0
DA:15,0
DA:16,0
DA:17,0
DA:19,0
DA:20,0
DA:22,0
DA:25,0
LF:19
LH:0
BRDA:1,0,0,1
BRF:1
BRH:1
end_of_record
TN:
SF:app/components/mainview/ChatPanel.tsx
FN:13,ChatPanel
FN:18,handleKeyDown
FN:81,onClick
FNF:3
FNH:3
FNDA:28,ChatPanel
FNDA:2,handleKeyDown
FNDA:1,onClick
DA:1,1
DA:2,1
DA:6,1
DA:8,1
DA:9,1
DA:10,1
DA:11,1
DA:13,1
DA:14,28
DA:15,28
DA:16,28
DA:18,28
DA:19,2
DA:20,2
DA:22,2
DA:23,1
DA:24,1
DA:25,1
DA:26,1
DA:27,1
DA:28,1
DA:29,0
DA:30,0
DA:31,0
DA:32,0
DA:33,0
DA:34,0
DA:35,0
DA:36,0
DA:38,2
DA:39,2
DA:40,2
DA:41,2
DA:43,28
DA:44,28
DA:45,28
DA:46,28
DA:48,28
DA:49,28
DA:50,28
DA:51,28
DA:52,28
DA:54,28
DA:55,196
DA:56,196
DA:57,196
DA:58,28
DA:59,28
DA:60,28
DA:62,28
DA:63,28
DA:64,28
DA:65,28
DA:66,28
DA:67,28
DA:68,28
DA:70,28
DA:71,56
DA:72,56
DA:73,56
DA:74,56
DA:75,56
DA:76,56
DA:77,56
DA:78,56
DA:79,56
DA:80,56
DA:81,56
DA:82,56
DA:83,56
DA:84,28
DA:85,28
DA:86,56
DA:88,56
DA:89,56
DA:91,28
DA:92,28
DA:94,28
DA:95,28
DA:96,28
DA:97,28
DA:99,28
DA:100,28
DA:101,28
DA:103,28
DA:104,56
DA:105,56
DA:106,56
DA:107,56
DA:108,56
DA:109,56
DA:110,56
DA:112,56
DA:113,56
DA:114,28
DA:116,28
DA:117,28
DA:118,28
DA:119,28
DA:120,28
DA:121,28
DA:122,28
DA:123,28
DA:124,28
DA:125,28
DA:126,28
DA:127,28
DA:129,28
DA:130,28
DA:131,28
DA:132,28
DA:133,28
DA:135,28
LF:113
LH:105
BRDA:13,0,0,28
BRDA:18,1,0,2
BRDA:22,2,0,1
BRDA:28,3,0,0
BRDA:19,4,0,2
BRDA:54,5,0,196
BRDA:70,6,0,56
BRDA:80,7,0,28
BRDA:80,8,0,28
BRDA:83,9,0,28
BRDA:84,10,0,28
BRDA:81,11,0,1
BRDA:103,12,0,56
BRF:13
BRH:12
end_of_record
TN:
SF:app/components/mainview/ComingSoonPanel.tsx
FN:6,ComingSoonPanel
FNF:1
FNH:1
FNDA:36,ComingSoonPanel
DA:6,1
DA:7,36
DA:8,36
DA:9,36
DA:10,36
DA:11,36
DA:13,36
DA:14,36
DA:15,36
DA:16,36
DA:18,36
LF:11
LH:11
BRDA:6,0,0,36
BRF:1
BRH:1
end_of_record
TN:
SF:app/components/mainview/DashboardView.stories.tsx
FN:1,(empty-report)
FNF:1
FNH:1
FNDA:1,(empty-report)
DA:2,0
DA:3,0
DA:5,0
DA:6,0
DA:7,0
DA:8,0
DA:9,0
DA:10,0
DA:11,0
DA:12,0
DA:13,0
DA:14,0
DA:15,0
DA:16,0
DA:18,0
DA:19,0
DA:20,0
DA:23,0
DA:24,0
DA:25,0
DA:27,0
DA:28,0
DA:29,0
DA:30,0
DA:31,0
DA:32,0
DA:33,0
DA:34,0
DA:35,0
DA:37,0
DA:38,0
DA:39,0
DA:40,0
DA:41,0
DA:42,0
DA:43,0
DA:45,0
DA:46,0
DA:47,0
DA:48,0
DA:49,0
DA:50,0
DA:51,0
DA:53,0
DA:54,0
DA:55,0
DA:56,0
DA:57,0
DA:58,0
DA:59,0
DA:61,0
LF:51
LH:0
BRDA:1,0,0,1
BRF:1
BRH:1
end_of_record
TN:
SF:app/components/mainview/DashboardView.tsx
FN:18,DashboardView
FNF:1
FNH:1
FNDA:3,DashboardView
DA:1,1
DA:2,1
DA:18,1
DA:19,3
DA:20,3
DA:21,3
DA:23,3
DA:24,1
DA:25,1
DA:26,1
DA:27,1
DA:29,1
DA:31,2
DA:32,2
DA:33,2
DA:34,2
DA:35,2
DA:37,2
DA:38,1
DA:39,1
DA:40,2
DA:41,2
DA:42,2
DA:43,2
DA:45,2
DA:46,2
DA:47,1
DA:48,3
DA:49,3
DA:51,3
LF:30
LH:30
BRDA:18,0,0,3
BRDA:23,1,0,2
BRDA:23,2,0,1
BRDA:29,3,0,2
BRDA:37,4,0,1
BRDA:38,5,0,1
BRDA:39,6,0,2
BRF:7
BRH:7
end_of_record
TN:
SF:app/components/mainview/FloatingWindow.stories.tsx
FN:1,(empty-report)
FNF:1
FNH:0
FNDA:0,(empty-report)
DA:1,0
DA:3,0
DA:9,0
DA:13,0
DA:25,0
DA:26,0
DA:27,0
DA:28,0
DA:29,0
DA:30,0
DA:31,0
DA:32,0
DA:33,0
DA:34,0
DA:35,0
DA:36,0
DA:37,0
DA:38,0
DA:40,0
DA:41,0
DA:43,0
DA:46,0
DA:47,0
DA:48,0
DA:49,0
DA:50,0
DA:51,0
DA:52,0
DA:54,0
DA:56,0
DA:57,0
DA:58,0
DA:59,0
DA:62,0
DA:63,0
DA:65,0
DA:66,0
DA:67,0
DA:68,0
DA:69,0
DA:70,0
DA:71,0
DA:72,0
DA:73,0
DA:74,0
DA:76,0
DA:77,0
DA:78,0
DA:79,0
DA:80,0
DA:81,0
DA:82,0
DA:84,0
DA:85,0
DA:86,0
DA:87,0
DA:88,0
DA:89,0
DA:90,0
DA:91,0
DA:92,0
DA:93,0
DA:94,0
DA:95,0
DA:96,0
DA:98,0
DA:100,0
DA:101,0
DA:102,0
DA:103,0
DA:104,0
DA:105,0
DA:106,0
DA:107,0
DA:108,0
DA:109,0
DA:110,0
DA:111,0
DA:112,0
DA:113,0
DA:114,0
DA:116,0
DA:117,0
DA:118,0
DA:119,0
DA:120,0
DA:121,0
DA:122,0
DA:123,0
DA:124,0
DA:125,0
DA:127,0
DA:128,0
DA:129,0
DA:130,0
DA:131,0
DA:132,0
DA:133,0
DA:134,0
DA:135,0
DA:136,0
DA:137,0
DA:139,0
DA:140,0
DA:141,0
DA:143,0
DA:144,0
DA:145,0
DA:146,0
DA:147,0
DA:148,0
DA:149,0
DA:151,0
DA:152,0
DA:153,0
DA:154,0
DA:155,0
DA:156,0
DA:157,0
DA:158,0
DA:159,0
DA:161,0
DA:163,0
DA:164,0
DA:165,0
DA:166,0
DA:167,0
DA:168,0
DA:169,0
DA:170,0
DA:171,0
DA:172,0
DA:173,0
DA:174,0
DA:175,0
DA:176,0
DA:177,0
DA:178,0
DA:179,0
DA:180,0
DA:182,0
DA:184,0
DA:185,0
DA:186,0
DA:187,0
DA:188,0
DA:189,0
DA:190,0
DA:191,0
DA:192,0
DA:193,0
DA:194,0
DA:195,0
DA:196,0
DA:197,0
DA:198,0
DA:199,0
DA:200,0
DA:201,0
DA:202,0
DA:203,0
DA:204,0
DA:205,0
DA:206,0
DA:207,0
DA:208,0
DA:209,0
DA:210,0
DA:211,0
DA:212,0
DA:213,0
DA:214,0
DA:215,0
DA:216,0
DA:218,0
DA:220,0
DA:221,0
DA:222,0
DA:223,0
DA:224,0
DA:225,0
DA:226,0
DA:227,0
DA:228,0
DA:229,0
DA:230,0
DA:231,0
DA:232,0
DA:233,0
DA:234,0
DA:235,0
DA:236,0
DA:237,0
DA:238,0
DA:239,0
DA:240,0
DA:241,0
DA:242,0
DA:243,0
DA:244,0
DA:245,0
DA:246,0
DA:247,0
DA:248,0
DA:249,0
DA:250,0
DA:251,0
DA:252,0
DA:253,0
DA:254,0
DA:255,0
DA:256,0
DA:257,0
DA:259,0
DA:261,0
DA:262,0
DA:263,0
DA:264,0
DA:265,0
DA:266,0
DA:267,0
DA:268,0
DA:269,0
DA:270,0
DA:271,0
DA:272,0
DA:273,0
DA:274,0
DA:275,0
DA:276,0
DA:277,0
DA:278,0
DA:279,0
DA:280,0
DA:281,0
DA:282,0
DA:283,0
DA:284,0
DA:285,0
DA:286,0
DA:287,0
DA:288,0
DA:289,0
DA:290,0
DA:291,0
DA:292,0
DA:293,0
DA:294,0
DA:296,0
LF:249
LH:0
BRDA:1,0,0,0
BRF:1
BRH:0
end_of_record
TN:
SF:app/components/mainview/FloatingWindow.tsx
FN:57,clampPosition
FN:77,FloatingWindow
FN:238,onFocusCapture
FN:239,onBlurCapture
FN:272,onMouseDown
FN:281,onMouseDown
FN:290,onMouseDown
FNF:7
FNH:5
FNDA:0,clampPosition
FNDA:34,FloatingWindow
FNDA:6,onFocusCapture
FNDA:0,onBlurCapture
FNDA:1,onMouseDown
FNDA:2,onMouseDown
FNDA:2,onMouseDown
DA:1,1
DA:10,1
DA:38,1
DA:39,1
DA:40,1
DA:41,1
DA:42,1
DA:43,1
DA:57,0
DA:58,0
DA:59,0
DA:60,0
DA:61,0
DA:62,0
DA:63,0
DA:64,0
DA:66,0
DA:67,0
DA:68,0
DA:69,0
DA:71,0
DA:72,0
DA:73,0
DA:74,0
DA:75,0
DA:77,1
DA:78,34
DA:79,34
DA:80,34
DA:81,34
DA:82,34
DA:83,34
DA:84,34
DA:85,34
DA:86,34
DA:87,34
DA:88,34
DA:89,34
DA:90,34
DA:91,34
DA:92,34
DA:93,34
DA:95,34
DA:96,34
DA:97,34
DA:98,34
DA:99,34
DA:100,34
DA:102,34
DA:103,15
DA:104,34
DA:106,34
DA:107,1
DA:108,1
DA:109,1
DA:110,1
DA:111,1
DA:112,34
DA:114,34
DA:115,3
DA:116,3
DA:117,34
DA:119,34
DA:120,1
DA:121,1
DA:122,34
DA:124,34
DA:125,2
DA:126,2
DA:127,34
DA:129,34
DA:130,2
DA:131,2
DA:132,34
DA:134,34
DA:135,1
DA:136,34
DA:138,34
DA:139,0
DA:140,0
DA:141,0
DA:142,0
DA:144,0
DA:145,0
DA:146,0
DA:147,0
DA:148,0
DA:149,34
DA:151,34
DA:152,0
DA:153,0
DA:154,0
DA:155,0
DA:157,0
DA:158,0
DA:159,0
DA:160,0
DA:161,0
DA:162,0
DA:163,0
DA:164,34
DA:166,34
DA:167,8
DA:168,8
DA:170,8
DA:171,0
DA:172,0
DA:173,0
DA:174,0
DA:175,0
DA:176,0
DA:177,0
DA:178,0
DA:179,0
DA:180,0
DA:181,0
DA:182,0
DA:184,8
DA:185,0
DA:186,0
DA:187,0
DA:188,0
DA:189,0
DA:190,0
DA:191,0
DA:192,0
DA:193,0
DA:194,0
DA:195,0
DA:196,0
DA:197,0
DA:198,0
DA:199,0
DA:200,0
DA:201,34
DA:203,34
DA:204,8
DA:205,8
DA:206,34
DA:208,34
DA:209,15
DA:210,15
DA:212,15
DA:213,15
DA:214,15
DA:215,15
DA:216,34
DA:218,34
DA:219,1
DA:220,1
DA:222,33
DA:223,34
DA:224,34
DA:225,5
DA:227,28
DA:230,34
DA:231,34
DA:232,34
DA:233,34
DA:234,34
DA:235,34
DA:236,34
DA:237,34
DA:238,34
DA:239,34
DA:240,0
DA:241,0
DA:242,0
DA:243,0
DA:244,34
DA:245,34
DA:246,34
DA:247,34
DA:248,34
DA:249,34
DA:250,28
DA:251,28
DA:252,28
DA:253,28
DA:254,28
DA:256,34
DA:257,34
DA:258,34
DA:259,34
DA:260,34
DA:261,34
DA:262,34
DA:264,34
DA:265,34
DA:266,34
DA:268,34
DA:269,34
DA:270,34
DA:271,34
DA:272,34
DA:273,34
DA:274,34
DA:276,34
DA:277,34
DA:278,34
DA:279,34
DA:280,34
DA:281,34
DA:282,34
DA:283,34
DA:285,34
DA:286,34
DA:287,34
DA:288,34
DA:289,34
DA:290,34
DA:291,34
DA:292,34
DA:294,34
DA:295,34
DA:296,34
DA:297,34
DA:299,34
DA:300,34
DA:301,34
DA:303,34
DA:304,28
DA:305,28
DA:306,28
DA:307,28
DA:308,28
DA:309,5
DA:310,34
DA:312,34
LF:229
LH:160
BRDA:77,0,0,34
BRDA:218,1,0,1
BRDA:220,2,0,33
BRDA:223,3,0,5
BRDA:223,4,0,28
BRDA:224,5,0,5
BRDA:225,6,0,28
BRDA:246,7,0,5
BRDA:246,8,0,28
BRDA:249,9,0,5
BRDA:249,10,0,28
BRDA:259,11,0,14
BRDA:259,12,0,19
BRDA:260,13,0,5
BRDA:260,14,0,28
BRDA:303,15,0,28
BRDA:308,16,0,5
BRDA:102,17,0,15
BRDA:106,18,0,1
BRDA:114,19,0,3
BRDA:119,20,0,1
BRDA:124,21,0,2
BRDA:126,22,0,1
BRDA:126,23,0,1
BRDA:129,24,0,2
BRDA:134,25,0,1
BRDA:166,26,0,8
BRDA:168,27,0,0
BRDA:170,28,0,0
BRDA:170,29,0,0
BRDA:184,30,0,0
BRDA:184,31,0,0
BRDA:203,32,0,8
BRDA:208,33,0,15
BRDA:212,34,0,15
BRDA:238,35,0,6
BRDA:272,36,0,1
BRDA:281,37,0,2
BRDA:290,38,0,2
BRF:39
BRH:34
end_of_record
TN:
SF:app/components/mainview/FloatingWindowManager.tsx
FN:26,getHighestZIndex
FN:30,FloatingWindowManager
FN:38,handleFocus
FN:55,handleClose
FN:59,handleStateChange
FN:77,handleRestore
FN:92,onFocus
FN:93,onClose
FN:94,onStateChange
FNF:9
FNH:6
FNDA:1,getHighestZIndex
FNDA:6,FloatingWindowManager
FNDA:1,handleFocus
FNDA:1,handleClose
FNDA:0,handleStateChange
FNDA:0,handleRestore
FNDA:1,onFocus
FNDA:1,onClose
FNDA:0,onStateChange
DA:2,1
DA:8,1
DA:26,1
DA:27,1
DA:28,1
DA:30,1
DA:31,6
DA:32,6
DA:33,6
DA:34,6
DA:35,6
DA:36,6
DA:38,6
DA:39,1
DA:40,1
DA:43,1
DA:46,1
DA:47,1
DA:48,1
DA:50,1
DA:51,1
DA:52,1
DA:53,1
DA:55,6
DA:56,1
DA:57,1
DA:59,6
DA:60,0
DA:62,0
DA:63,0
DA:64,0
DA:65,0
DA:66,0
DA:68,0
DA:69,0
DA:70,0
DA:71,0
DA:72,0
DA:73,0
DA:74,0
DA:75,0
DA:77,6
DA:78,0
DA:79,0
DA:81,6
DA:82,6
DA:83,6
DA:84,11
DA:85,11
DA:86,11
DA:87,11
DA:88,11
DA:89,11
DA:90,11
DA:91,11
DA:92,11
DA:93,11
DA:94,11
DA:96,11
DA:97,11
DA:98,6
DA:100,6
DA:101,6
DA:102,6
DA:103,6
DA:104,6
DA:106,6
LF:67
LH:51
BRDA:26,0,0,1
BRDA:27,1,0,3
BRDA:30,2,0,6
BRDA:35,3,0,17
BRDA:36,4,0,17
BRDA:38,5,0,1
BRDA:43,6,0,0
BRDA:40,7,0,1
BRDA:46,8,0,2
BRDA:47,9,0,3
BRDA:51,10,0,3
BRDA:51,11,0,1
BRDA:51,12,0,2
BRDA:55,13,0,1
BRDA:56,14,0,3
BRDA:83,15,0,11
BRDA:92,16,0,1
BRDA:93,17,0,1
BRDA:101,18,0,6
BRF:19
BRH:18
end_of_record
TN:
SF:app/components/mainview/FloatingWindowTray.tsx
FN:11,FloatingWindowTray
FN:22,onClick
FNF:2
FNH:2
FNDA:9,FloatingWindowTray
FNDA:1,onClick
DA:11,1
DA:12,9
DA:13,1
DA:14,1
DA:16,8
DA:17,8
DA:18,8
DA:19,9
DA:20,9
DA:21,9
DA:22,9
DA:23,9
DA:25,9
DA:26,9
DA:27,8
DA:28,8
DA:30,8
LF:17
LH:17
BRDA:11,0,0,9
BRDA:12,1,0,1
BRDA:14,2,0,8
BRDA:18,3,0,9
BRDA:22,4,0,1
BRF:5
BRH:5
end_of_record
TN:
SF:app/components/mainview/InspectorSidebar.stories.tsx
FN:1,(empty-report)
FNF:1
FNH:1
FNDA:1,(empty-report)
DA:2,0
DA:4,0
DA:5,0
DA:6,0
DA:7,0
DA:8,0
DA:9,0
DA:10,0
DA:11,0
DA:12,0
DA:13,0
DA:14,0
DA:15,0
DA:16,0
DA:17,0
DA:19,0
DA:20,0
DA:21,0
DA:24,0
DA:25,0
DA:26,0
DA:27,0
DA:28,0
DA:30,0
DA:31,0
DA:32,0
DA:33,0
DA:34,0
DA:36,0
DA:37,0
DA:38,0
DA:39,0
DA:40,0
DA:42,0
DA:43,0
DA:44,0
DA:45,0
DA:46,0
LF:38
LH:0
BRDA:1,0,0,1
BRF:1
BRH:1
end_of_record
TN:
SF:app/components/mainview/InspectorSidebar.tsx
FN:20,tabId
FN:24,panelId
FN:28,InspectorSidebar
FN:32,handleKeyDown
FN:80,onClick
FNF:5
FNH:5
FNDA:180,tabId
FNDA:120,panelId
FNDA:15,InspectorSidebar
FNDA:1,handleKeyDown
FNDA:3,onClick
DA:1,1
DA:2,1
DA:3,1
DA:4,1
DA:5,1
DA:13,1
DA:14,1
DA:15,1
DA:16,1
DA:17,1
DA:18,1
DA:20,180
DA:21,180
DA:22,180
DA:24,120
DA:25,120
DA:26,120
DA:28,1
DA:29,15
DA:30,15
DA:32,15
DA:33,1
DA:34,1
DA:36,1
DA:37,1
DA:38,1
DA:39,1
DA:40,0
DA:41,0
DA:42,0
DA:43,0
DA:44,0
DA:45,0
DA:46,0
DA:47,0
DA:48,0
DA:49,0
DA:50,0
DA:52,1
DA:53,1
DA:54,1
DA:55,1
DA:57,15
DA:58,15
DA:60,15
DA:61,15
DA:62,15
DA:63,15
DA:64,15
DA:65,15
DA:67,15
DA:68,60
DA:69,60
DA:70,60
DA:71,60
DA:72,60
DA:73,60
DA:74,60
DA:75,60
DA:76,60
DA:77,60
DA:78,60
DA:79,60
DA:80,60
DA:81,60
DA:82,60
DA:83,60
DA:84,15
DA:85,45
DA:86,60
DA:88,60
DA:89,60
DA:91,15
DA:92,15
DA:95,15
DA:96,60
DA:97,60
DA:98,60
DA:99,60
DA:100,60
DA:101,60
DA:102,60
DA:103,60
DA:104,60
DA:105,60
DA:107,60
DA:108,15
DA:109,45
DA:110,15
DA:111,30
DA:112,15
DA:113,15
DA:114,15
DA:116,0
DA:117,0
DA:118,0
DA:119,0
DA:120,0
DA:122,60
DA:124,15
DA:125,15
DA:127,15
LF:102
LH:86
BRDA:20,0,0,180
BRDA:24,1,0,120
BRDA:28,2,0,15
BRDA:32,3,0,1
BRDA:36,4,0,0
BRDA:39,5,0,0
BRDA:33,6,0,1
BRDA:67,7,0,60
BRDA:78,8,0,15
BRDA:78,9,0,45
BRDA:83,10,0,15
BRDA:84,11,0,45
BRDA:80,12,0,3
BRDA:95,13,0,60
BRDA:101,14,0,15
BRDA:101,15,0,45
BRDA:107,16,0,15
BRDA:108,17,0,45
BRDA:109,18,0,15
BRDA:110,19,0,30
BRDA:111,20,0,15
BRDA:112,21,0,15
BRDA:114,22,0,0
BRF:23
BRH:20
end_of_record
TN:
SF:app/components/mainview/MainView.stories.tsx
FN:1,(empty-report)
FNF:1
FNH:1
FNDA:1,(empty-report)
DA:2,0
DA:4,0
DA:5,0
DA:6,0
DA:8,0
DA:9,0
DA:12,0
DA:13,0
DA:14,0
DA:15,0
DA:16,0
DA:17,0
DA:18,0
DA:19,0
DA:20,0
DA:21,0
DA:22,0
DA:23,0
DA:25,0
DA:26,0
DA:27,0
DA:30,0
DA:31,0
DA:32,0
DA:33,0
DA:34,0
DA:36,0
DA:38,0
DA:39,0
DA:40,0
DA:41,0
DA:42,0
DA:44,0
DA:46,0
DA:47,0
DA:48,0
DA:49,0
DA:50,0
DA:52,0
DA:54,0
DA:55,0
DA:56,0
DA:57,0
DA:58,0
DA:60,0
LF:45
LH:0
BRDA:1,0,0,1
BRF:1
BRH:1
end_of_record
TN:
SF:app/components/mainview/MainView.tsx
FN:13,MainView
FN:34,onToggleCollapse
FNF:2
FNH:2
FNDA:13,MainView
FNDA:3,onToggleCollapse
DA:1,1
DA:3,1
DA:13,1
DA:14,13
DA:15,13
DA:17,13
DA:18,13
DA:20,13
DA:21,13
DA:22,13
DA:23,13
DA:24,7
DA:25,6
DA:26,13
DA:28,13
DA:29,7
DA:30,7
DA:31,7
DA:32,7
DA:33,7
DA:34,7
DA:35,7
DA:36,7
DA:38,13
DA:41,13
DA:42,13
DA:43,13
DA:46,13
DA:47,13
DA:48,13
DA:49,13
DA:50,13
DA:52,13
DA:53,13
DA:54,13
DA:56,13
LF:36
LH:36
BRDA:13,0,0,13
BRDA:23,1,0,7
BRDA:24,2,0,2
BRDA:24,3,0,5
BRDA:24,4,0,6
BRDA:28,5,0,7
BRDA:29,6,0,2
BRDA:29,7,0,5
BRDA:49,8,0,11
BRDA:49,9,0,2
BRDA:34,10,0,3
BRDA:34,11,0,3
BRF:12
BRH:12
end_of_record
TN:
SF:app/components/mainview/NotepadPanel.stories.tsx
FN:1,(empty-report)
FNF:1
FNH:1
FNDA:1,(empty-report)
DA:2,0
DA:4,0
DA:5,0
DA:6,0
DA:7,0
DA:8,0
DA:9,0
DA:10,0
DA:11,0
DA:12,0
DA:13,0
DA:14,0
DA:15,0
DA:16,0
DA:17,0
DA:19,0
DA:20,0
DA:22,0
DA:25,0
LF:19
LH:0
BRDA:1,0,0,1
BRF:1
BRH:1
end_of_record
TN:
SF:app/components/mainview/NotepadPanel.tsx
FN:3,NotepadPanel
FNF:1
FNH:1
FNDA:18,NotepadPanel
DA:1,1
DA:3,1
DA:4,18
DA:5,18
LF:4
LH:4
BRDA:3,0,0,18
BRF:1
BRH:1
end_of_record
TN:
SF:app/components/mainview/SettingsPanel.stories.tsx
FN:1,(empty-report)
FNF:1
FNH:1
FNDA:1,(empty-report)
DA:2,0
DA:4,0
DA:5,0
DA:6,0
DA:7,0
DA:8,0
DA:9,0
DA:10,0
DA:11,0
DA:12,0
DA:13,0
DA:14,0
DA:15,0
DA:16,0
DA:17,0
DA:19,0
DA:20,0
DA:22,0
DA:25,0
LF:19
LH:0
BRDA:1,0,0,1
BRF:1
BRH:1
end_of_record
TN:
SF:app/components/mainview/SettingsPanel.tsx
FN:3,SettingsPanel
FNF:1
FNH:1
FNDA:18,SettingsPanel
DA:1,1
DA:3,1
DA:4,18
DA:5,18
LF:4
LH:4
BRDA:3,0,0,18
BRF:1
BRH:1
end_of_record
TN:
SF:app/components/mainview/TabNavigation.stories.tsx
FN:1,(empty-report)
FNF:1
FNH:1
FNDA:1,(empty-report)
DA:2,0
DA:4,0
DA:5,0
DA:6,0
DA:7,0
DA:8,0
DA:9,0
DA:10,0
DA:11,0
DA:12,0
DA:13,0
DA:14,0
DA:15,0
DA:16,0
DA:19,0
DA:21,0
DA:22,0
DA:23,0
DA:24,0
DA:25,0
DA:27,0
DA:28,0
DA:29,0
DA:30,0
DA:31,0
LF:25
LH:0
BRDA:1,0,0,1
BRF:1
BRH:1
end_of_record
TN:
SF:app/components/mainview/TabNavigation.tsx
FN:16,handleTabsKeyDown
FN:50,TabNavigation
FN:59,onKeyDown
FN:73,onClick
FNF:4
FNH:4
FNDA:5,handleTabsKeyDown
FNDA:11,TabNavigation
FNDA:4,onKeyDown
FNDA:2,onClick
DA:1,1
DA:11,1
DA:12,1
DA:13,1
DA:14,1
DA:16,1
DA:17,5
DA:18,5
DA:19,5
DA:20,5
DA:21,5
DA:22,5
DA:23,5
DA:24,5
DA:25,5
DA:26,5
DA:27,0
DA:28,5
DA:30,5
DA:31,3
DA:32,3
DA:33,3
DA:34,0
DA:35,0
DA:36,2
DA:37,1
DA:38,1
DA:39,1
DA:40,1
DA:41,1
DA:42,1
DA:43,0
DA:44,0
DA:46,5
DA:47,5
DA:48,5
DA:50,1
DA:51,11
DA:53,11
DA:54,11
DA:55,11
DA:56,11
DA:57,11
DA:58,11
DA:59,11
DA:60,11
DA:62,11
DA:63,22
DA:64,22
DA:65,22
DA:66,22
DA:67,22
DA:68,22
DA:69,22
DA:70,22
DA:71,22
DA:72,22
DA:73,22
DA:74,22
DA:75,22
DA:76,11
DA:77,11
DA:78,22
DA:80,22
DA:81,22
DA:83,11
DA:84,11
DA:85,11
DA:87,11
LF:69
LH:64
BRDA:16,0,0,5
BRDA:26,1,0,0
BRDA:30,2,0,2
BRDA:30,3,0,3
BRDA:33,4,0,2
BRDA:33,5,0,0
BRDA:36,6,0,1
BRDA:42,7,0,0
BRDA:50,8,0,11
BRDA:59,9,0,4
BRDA:62,10,0,22
BRDA:72,11,0,11
BRDA:72,12,0,11
BRDA:75,13,0,11
BRDA:76,14,0,11
BRDA:73,15,0,2
BRF:16
BRH:13
end_of_record
TN:
SF:app/components/mainview/TabletopView.stories.tsx
FN:1,(empty-report)
FNF:1
FNH:1
FNDA:1,(empty-report)
DA:2,0
DA:4,0
DA:5,0
DA:6,0
DA:7,0
DA:8,0
DA:9,0
DA:10,0
DA:11,0
DA:12,0
DA:13,0
DA:14,0
DA:15,0
DA:17,0
DA:18,0
DA:20,0
DA:23,0
LF:17
LH:0
BRDA:1,0,0,1
BRF:1
BRH:1
end_of_record
TN:
SF:app/components/mainview/TabletopView.tsx
FN:3,TabletopView
FNF:1
FNH:1
FNDA:3,TabletopView
DA:1,1
DA:3,1
DA:4,3
DA:5,3
DA:6,3
DA:7,3
DA:9,3
DA:10,3
DA:11,3
DA:12,3
DA:14,3
LF:11
LH:11
BRDA:3,0,0,3
BRF:1
BRH:1
end_of_record
TN:
SF:app/components/mainview/ToolBar.stories.tsx
FN:1,(empty-report)
FNF:1
FNH:0
FNDA:0,(empty-report)
DA:1,0
DA:3,0
DA:6,0
DA:7,0
DA:8,0
DA:9,0
DA:10,0
DA:11,0
DA:12,0
DA:13,0
DA:14,0
DA:15,0
DA:16,0
DA:17,0
DA:18,0
DA:19,0
DA:20,0
DA:21,0
DA:22,0
DA:23,0
DA:24,0
DA:25,0
DA:27,0
DA:28,0
DA:29,0
DA:30,0
DA:33,0
DA:34,0
DA:35,0
DA:36,0
DA:37,0
DA:38,0
DA:39,0
DA:40,0
DA:41,0
DA:42,0
DA:44,0
DA:46,0
DA:47,0
DA:48,0
DA:49,0
DA:51,0
DA:52,0
DA:53,0
DA:54,0
DA:56,0
DA:57,0
DA:58,0
DA:59,0
LF:49
LH:0
BRDA:1,0,0,0
BRF:1
BRH:0
end_of_record
TN:
SF:app/components/mainview/ToolBar.tsx
FN:34,ToolBar
FN:48,onClick
FNF:2
FNH:2
FNDA:19,ToolBar
FNDA:9,onClick
DA:2,1
DA:23,1
DA:24,1
DA:25,1
DA:26,1
DA:27,1
DA:28,1
DA:29,1
DA:30,1
DA:31,1
DA:32,1
DA:34,1
DA:35,19
DA:36,19
DA:37,19
DA:38,15
DA:39,15
DA:40,120
DA:41,120
DA:42,120
DA:43,120
DA:44,120
DA:45,120
DA:46,120
DA:47,120
DA:48,120
DA:49,120
DA:50,120
DA:51,120
DA:52,120
DA:53,15
DA:54,105
DA:55,120
DA:57,120
DA:58,120
DA:60,15
DA:61,15
DA:64,19
DA:66,19
DA:67,19
DA:68,19
DA:69,19
DA:70,19
DA:71,19
DA:72,19
DA:73,19
DA:74,19
DA:75,19
DA:76,19
DA:77,19
DA:79,19
DA:80,19
DA:81,19
DA:82,19
DA:83,19
DA:85,19
LF:56
LH:56
BRDA:34,0,0,19
BRDA:37,1,0,15
BRDA:64,2,0,4
BRDA:68,3,0,4
BRDA:68,4,0,15
BRDA:73,5,0,4
BRDA:73,6,0,15
BRDA:76,7,0,4
BRDA:76,8,0,15
BRDA:79,9,0,4
BRDA:79,10,0,15
BRDA:39,11,0,120
BRDA:52,12,0,15
BRDA:53,13,0,105
BRDA:48,14,0,9
BRF:15
BRH:15
end_of_record
TN:
SF:app/components/mainview/Widget.stories.tsx
FN:1,(empty-report)
FNF:1
FNH:1
FNDA:1,(empty-report)
DA:2,0
DA:3,0
DA:5,0
DA:6,0
DA:7,0
DA:8,0
DA:9,0
DA:10,0
DA:11,0
DA:12,0
DA:13,0
DA:14,0
DA:15,0
DA:17,0
DA:18,0
DA:19,0
DA:22,0
DA:23,0
DA:24,0
DA:25,0
DA:26,0
DA:29,0
DA:30,0
DA:31,0
DA:32,0
DA:33,0
DA:34,0
DA:36,0
DA:37,0
DA:38,0
DA:39,0
DA:40,0
DA:41,0
DA:42,0
DA:44,0
DA:45,0
DA:46,0
DA:47,0
DA:48,0
DA:49,0
DA:50,0
DA:51,0
DA:52,0
DA:53,0
DA:55,0
DA:56,0
DA:57,0
DA:58,0
DA:59,0
DA:60,0
DA:62,0
DA:63,0
DA:64,0
DA:65,0
DA:66,0
DA:67,0
DA:68,0
DA:69,0
DA:71,0
LF:59
LH:0
BRDA:1,0,0,1
BRF:1
BRH:1
end_of_record
TN:
SF:app/components/mainview/Widget.tsx
FN:20,Widget
FN:45,handleKeyDown
FN:85,onClick
FN:89,onDoubleClick
FN:110,onClick
FNF:5
FNH:5
FNDA:74,Widget
FNDA:2,handleKeyDown
FNDA:7,onClick
FNDA:1,onDoubleClick
FNDA:2,onClick
DA:1,1
DA:2,1
DA:3,1
DA:6,1
DA:7,1
DA:8,1
DA:9,1
DA:10,1
DA:11,1
DA:20,1
DA:21,74
DA:22,74
DA:23,74
DA:24,74
DA:25,74
DA:26,74
DA:27,74
DA:28,74
DA:30,74
DA:31,4
DA:32,74
DA:34,74
DA:35,7
DA:36,74
DA:38,74
DA:39,4
DA:40,74
DA:43,74
DA:44,48
DA:45,6
DA:46,2
DA:47,2
DA:48,6
DA:49,6
DA:50,74
DA:52,74
DA:53,74
DA:54,74
DA:55,74
DA:57,74
DA:58,74
DA:59,74
DA:61,74
DA:62,3
DA:63,71
DA:64,74
DA:65,74
DA:67,74
DA:69,74
DA:70,74
DA:71,74
DA:72,74
DA:73,74
DA:74,74
DA:76,74
DA:77,3
DA:79,71
DA:81,74
DA:83,74
DA:84,74
DA:85,74
DA:86,7
DA:87,7
DA:88,7
DA:89,74
DA:90,74
DA:91,74
DA:93,74
DA:94,74
DA:95,74
DA:96,74
DA:99,74
DA:100,64
DA:101,64
DA:102,64
DA:103,10
DA:104,74
DA:106,74
DA:107,7
DA:108,7
DA:109,7
DA:110,7
DA:111,2
DA:112,2
DA:113,7
DA:114,7
DA:115,7
DA:117,7
DA:118,7
DA:119,7
DA:121,7
DA:122,7
DA:123,7
DA:124,7
DA:125,7
DA:127,7
DA:128,7
DA:129,7
DA:131,7
DA:132,7
DA:133,7
DA:134,7
DA:135,7
DA:136,7
DA:137,7
DA:138,67
DA:139,74
DA:141,74
LF:108
LH:108
BRDA:20,0,0,74
BRDA:61,1,0,3
BRDA:62,2,0,71
BRDA:73,3,0,3
BRDA:73,4,0,71
BRDA:76,5,0,3
BRDA:77,6,0,71
BRDA:99,7,0,71
BRDA:99,8,0,64
BRDA:102,9,0,10
BRDA:106,10,0,7
BRDA:137,11,0,67
BRDA:30,12,0,4
BRDA:31,13,0,4
BRDA:34,14,0,7
BRDA:38,15,0,4
BRDA:43,16,0,48
BRDA:44,17,0,42
BRDA:44,18,0,6
BRDA:45,19,0,2
BRDA:49,20,0,6
BRDA:85,21,0,7
BRDA:89,22,0,1
BRDA:110,23,0,2
BRDA:111,24,0,1
BRF:25
BRH:25
end_of_record
TN:
SF:app/components/mainview/WidgetSlot.stories.tsx
FN:1,(empty-report)
FNF:1
FNH:1
FNDA:1,(empty-report)
DA:2,0
DA:4,0
DA:5,0
DA:6,0
DA:7,0
DA:8,0
DA:9,0
DA:10,0
DA:11,0
DA:12,0
DA:13,0
DA:14,0
DA:16,0
DA:17,0
DA:18,0
DA:21,0
DA:22,0
DA:23,0
DA:24,0
DA:25,0
DA:26,0
DA:27,0
DA:28,0
DA:30,0
DA:31,0
DA:33,0
DA:34,0
DA:35,0
DA:36,0
DA:37,0
DA:38,0
DA:39,0
DA:40,0
DA:41,0
DA:42,0
DA:44,0
DA:45,0
LF:37
LH:0
BRDA:1,0,0,1
BRF:1
BRH:1
end_of_record
TN:
SF:app/components/mainview/WidgetSlot.tsx
FN:10,WidgetSlot
FNF:1
FNH:1
FNDA:5,WidgetSlot
DA:2,1
DA:10,1
DA:11,5
DA:12,5
DA:13,5
DA:14,5
DA:15,5
DA:17,5
DA:18,5
DA:19,5
DA:20,5
DA:22,5
LF:12
LH:12
BRDA:10,0,0,5
BRF:1
BRH:1
end_of_record
TN:
SF:app/components/mainview/WikiPanel.stories.tsx
FN:1,(empty-report)
FNF:1
FNH:1
FNDA:1,(empty-report)
DA:2,0
DA:3,0
DA:5,0
DA:6,0
DA:7,0
DA:8,0
DA:9,0
DA:10,0
DA:11,0
DA:12,0
DA:13,0
DA:14,0
DA:15,0
DA:16,0
DA:17,0
DA:18,0
DA:20,0
DA:21,0
DA:23,0
DA:26,0
DA:28,0
DA:29,0
DA:30,0
DA:31,0
DA:32,0
DA:33,0
LF:26
LH:0
BRDA:1,0,0,1
BRF:1
BRH:1
end_of_record
TN:
SF:app/components/mainview/WikiPanel.tsx
FN:53,WikiPanel
FN:68,onClick
FN:93,onClick
FNF:3
FNH:3
FNDA:23,WikiPanel
FNDA:3,onClick
FNDA:1,onClick
DA:1,1
DA:2,1
DA:38,1
DA:39,1
DA:40,1
DA:41,1
DA:42,1
DA:43,1
DA:44,1
DA:45,1
DA:46,1
DA:47,1
DA:48,1
DA:49,1
DA:50,1
DA:51,1
DA:53,1
DA:54,23
DA:56,23
DA:57,23
DA:58,23
DA:59,23
DA:60,276
DA:61,276
DA:63,276
DA:64,276
DA:65,276
DA:66,276
DA:67,276
DA:68,276
DA:69,276
DA:70,276
DA:71,276
DA:72,276
DA:73,276
DA:75,276
DA:76,276
DA:77,276
DA:78,276
DA:79,276
DA:81,276
DA:82,276
DA:83,276
DA:85,23
DA:86,23
DA:88,23
DA:89,3
DA:90,3
DA:91,3
DA:92,3
DA:93,3
DA:94,3
DA:96,3
DA:97,3
DA:98,3
DA:100,3
DA:101,3
DA:102,3
DA:103,3
DA:104,3
DA:105,3
DA:106,3
DA:107,20
DA:108,23
DA:110,23
LF:65
LH:65
BRDA:53,0,0,23
BRDA:58,1,0,3
BRDA:58,2,0,20
BRDA:88,3,0,3
BRDA:106,4,0,20
BRDA:59,5,0,276
BRDA:71,6,0,253
BRDA:71,7,0,23
BRDA:72,8,0,3
BRDA:72,9,0,273
BRDA:78,10,0,3
BRDA:78,11,0,273
BRDA:68,12,0,3
BRDA:93,13,0,1
BRDA:102,14,0,3
BRF:15
BRH:15
end_of_record
TN:
SF:app/components/mainview/widgets/CampaignTimelineWidget.stories.tsx
FN:1,(empty-report)
FNF:1
FNH:1
FNDA:1,(empty-report)
DA:2,0
DA:3,0
DA:5,0
DA:6,0
DA:7,0
DA:8,0
DA:9,0
DA:10,0
DA:11,0
DA:12,0
DA:13,0
DA:14,0
DA:15,0
DA:17,0
DA:18,0
DA:20,0
DA:23,0
DA:24,0
DA:25,0
DA:26,0
DA:27,0
DA:29,0
DA:30,0
DA:31,0
DA:32,0
DA:33,0
LF:26
LH:0
BRDA:1,0,0,1
BRF:1
BRH:1
end_of_record
TN:
SF:app/components/mainview/widgets/CampaignTimelineWidget.tsx
FN:15,CampaignTimelineWidget
FNF:1
FNH:1
FNDA:10,CampaignTimelineWidget
DA:1,1
DA:2,1
DA:3,1
DA:15,1
DA:16,10
DA:17,10
DA:18,10
DA:19,10
DA:20,10
DA:21,10
DA:22,10
DA:24,10
DA:25,5
DA:26,5
DA:27,5
DA:28,5
DA:29,5
DA:31,0
DA:32,0
DA:34,0
DA:35,0
DA:36,0
DA:37,0
DA:38,0
DA:39,0
DA:40,0
DA:41,0
DA:42,0
DA:43,0
DA:44,0
DA:45,0
DA:46,0
DA:48,0
DA:49,0
DA:50,0
DA:51,10
DA:53,10
DA:54,10
DA:55,10
DA:56,0
DA:57,0
DA:58,0
DA:59,10
DA:60,0
DA:61,0
DA:62,0
DA:63,10
DA:64,2
DA:65,2
DA:66,2
DA:68,8
DA:69,8
DA:70,8
DA:72,8
DA:73,8
DA:74,8
DA:75,8
DA:77,8
DA:78,8
DA:79,16
DA:80,16
DA:81,16
DA:82,16
DA:83,16
DA:85,16
DA:86,16
DA:87,16
DA:88,16
DA:89,16
DA:90,16
DA:91,8
DA:92,8
DA:93,8
DA:95,10
DA:97,10
LF:75
LH:51
BRDA:15,0,0,10
BRDA:20,1,0,0
BRDA:55,2,0,0
BRDA:59,3,0,0
BRDA:63,4,0,2
BRDA:66,5,0,8
BRDA:20,6,0,16
BRDA:24,7,0,5
BRDA:29,8,0,0
BRDA:26,9,0,8
BRDA:78,10,0,16
BRF:11
BRH:7
end_of_record
TN:
SF:app/components/mainview/widgets/CatchUpWidget.stories.tsx
FN:1,(empty-report)
FNF:1
FNH:1
FNDA:1,(empty-report)
DA:2,0
DA:3,0
DA:4,0
DA:6,0
DA:7,0
DA:8,0
DA:9,0
DA:10,0
DA:11,0
DA:12,0
DA:13,0
DA:14,0
DA:16,0
DA:17,0
DA:18,0
DA:21,0
DA:23,0
DA:24,0
DA:25,0
DA:26,0
DA:27,0
DA:29,0
DA:30,0
DA:31,0
DA:32,0
DA:33,0
DA:34,0
DA:36,0
DA:37,0
DA:38,0
DA:39,0
DA:40,0
DA:41,0
DA:42,0
DA:43,0
DA:45,0
LF:36
LH:0
BRDA:1,0,0,1
BRF:1
BRH:1
end_of_record
TN:
SF:app/components/mainview/widgets/CatchUpWidget.tsx
FN:13,CatchUpWidget
FN:86,h1
FN:87,h2
FN:88,h3
FNF:4
FNH:4
FNDA:6,CatchUpWidget
FNDA:6,h1
FNDA:24,h2
FNDA:18,h3
DA:1,1
DA:2,1
DA:3,1
DA:4,1
DA:5,1
DA:7,1
DA:8,1
DA:9,1
DA:10,1
DA:11,1
DA:13,1
DA:14,6
DA:15,6
DA:16,6
DA:19,6
DA:20,6
DA:21,6
DA:23,6
DA:24,6
DA:25,6
DA:26,6
DA:27,6
DA:28,6
DA:30,0
DA:31,0
DA:33,0
DA:34,0
DA:35,0
DA:36,0
DA:37,0
DA:38,0
DA:39,0
DA:40,0
DA:41,0
DA:42,0
DA:43,0
DA:44,0
DA:45,0
DA:47,0
DA:48,0
DA:49,0
DA:50,6
DA:52,6
DA:53,6
DA:55,6
DA:56,6
DA:57,6
DA:58,6
DA:59,6
DA:61,6
DA:62,0
DA:64,6
DA:65,6
DA:66,0
DA:67,6
DA:69,6
DA:70,6
DA:71,6
DA:72,6
DA:83,6
DA:84,6
DA:85,6
DA:86,6
DA:87,6
DA:88,6
DA:89,6
DA:91,6
DA:92,6
DA:93,6
DA:95,0
DA:97,6
DA:99,6
DA:100,6
DA:102,6
LF:74
LH:53
BRDA:13,0,0,6
BRDA:20,1,0,0
BRDA:52,2,0,0
BRDA:53,3,0,0
BRDA:61,4,0,0
BRDA:65,5,0,0
BRDA:93,6,0,0
BRDA:23,7,0,6
BRDA:28,8,0,0
BRDA:86,9,0,6
BRDA:87,10,0,24
BRDA:88,11,0,18
BRF:12
BRH:5
end_of_record
TN:
SF:app/components/mainview/widgets/KeyAlliesWidget.stories.tsx
FN:1,(empty-report)
FNF:1
FNH:1
FNDA:1,(empty-report)
DA:2,0
DA:3,0
DA:4,0
DA:6,0
DA:7,0
DA:8,0
DA:9,0
DA:10,0
DA:11,0
DA:12,0
DA:13,0
DA:14,0
DA:15,0
DA:16,0
DA:18,0
DA:19,0
DA:21,0
DA:24,0
DA:25,0
DA:26,0
DA:27,0
DA:28,0
DA:30,0
DA:31,0
DA:32,0
DA:33,0
DA:34,0
DA:36,0
DA:37,0
DA:38,0
DA:39,0
DA:40,0
DA:41,0
DA:42,0
DA:44,0
LF:35
LH:0
BRDA:1,0,0,1
BRF:1
BRH:1
end_of_record
TN:
SF:app/components/mainview/widgets/KeyAlliesWidget.tsx
FN:10,getInitials
FN:19,KeyAlliesWidget
FNF:2
FNH:2
FNDA:6,getInitials
FNDA:10,KeyAlliesWidget
DA:1,1
DA:2,1
DA:3,1
DA:10,6
DA:11,6
DA:12,6
DA:13,6
DA:14,6
DA:15,6
DA:16,6
DA:17,6
DA:19,1
DA:20,10
DA:21,10
DA:22,10
DA:23,10
DA:24,10
DA:25,10
DA:26,10
DA:28,10
DA:29,5
DA:30,5
DA:31,5
DA:32,5
DA:33,5
DA:35,0
DA:36,0
DA:38,0
DA:39,0
DA:40,0
DA:41,0
DA:42,0
DA:43,0
DA:44,0
DA:45,0
DA:46,0
DA:47,0
DA:48,0
DA:49,0
DA:50,0
DA:52,0
DA:53,0
DA:54,0
DA:55,10
DA:57,10
DA:58,10
DA:59,10
DA:60,0
DA:61,10
DA:62,0
DA:63,10
DA:64,4
DA:66,6
DA:67,6
DA:68,8
DA:69,8
DA:70,8
DA:72,8
DA:73,8
DA:74,2
DA:75,2
DA:76,2
DA:77,2
DA:78,2
DA:80,6
DA:82,8
DA:84,8
DA:85,8
DA:86,8
DA:87,8
DA:88,8
DA:89,6
DA:90,6
DA:92,10
DA:94,10
LF:75
LH:55
BRDA:10,0,0,6
BRDA:15,1,0,12
BRDA:15,2,0,0
BRDA:19,3,0,10
BRDA:24,4,0,0
BRDA:59,5,0,0
BRDA:61,6,0,0
BRDA:63,7,0,4
BRDA:64,8,0,6
BRDA:24,9,0,8
BRDA:28,10,0,5
BRDA:33,11,0,0
BRDA:30,12,0,4
BRDA:67,13,0,8
BRDA:73,14,0,2
BRDA:78,15,0,6
BRF:16
BRH:11
end_of_record
TN:
SF:app/components/mainview/widgets/PartyMembersWidget.stories.tsx
FN:1,(empty-report)
FNF:1
FNH:1
FNDA:1,(empty-report)
DA:2,0
DA:3,0
DA:4,0
DA:5,0
DA:7,0
DA:8,0
DA:9,0
DA:10,0
DA:11,0
DA:12,0
DA:13,0
DA:14,0
DA:15,0
DA:16,0
DA:17,0
DA:18,0
DA:20,0
DA:21,0
DA:23,0
DA:27,0
DA:28,0
DA:29,0
DA:30,0
DA:31,0
DA:33,0
DA:34,0
DA:35,0
DA:36,0
DA:37,0
DA:39,0
DA:40,0
DA:41,0
DA:42,0
DA:44,0
DA:45,0
DA:46,0
DA:47,0
DA:48,0
DA:49,0
DA:51,0
DA:52,0
DA:53,0
DA:54,0
DA:55,0
DA:56,0
DA:57,0
DA:58,0
DA:60,0
LF:48
LH:0
BRDA:1,0,0,1
BRF:1
BRH:1
end_of_record
TN:
SF:app/components/mainview/widgets/PartyMembersWidget.tsx
FN:10,PartyMembersWidget
FNF:1
FNH:1
FNDA:8,PartyMembersWidget
DA:1,1
DA:2,1
DA:3,1
DA:10,1
DA:11,8
DA:12,8
DA:13,8
DA:14,8
DA:15,8
DA:16,8
DA:17,8
DA:19,8
DA:20,4
DA:21,4
DA:22,4
DA:23,4
DA:24,4
DA:26,0
DA:27,0
DA:29,0
DA:30,0
DA:31,0
DA:32,0
DA:33,0
DA:34,0
DA:35,0
DA:36,0
DA:37,0
DA:38,0
DA:39,0
DA:40,0
DA:41,0
DA:43,0
DA:44,0
DA:45,0
DA:46,8
DA:48,8
DA:49,8
DA:50,8
DA:51,0
DA:52,0
DA:53,0
DA:54,8
DA:55,0
DA:56,0
DA:57,0
DA:58,8
DA:59,4
DA:60,4
DA:61,4
DA:63,4
DA:64,4
DA:65,20
DA:66,20
DA:67,20
DA:69,20
DA:70,0
DA:71,0
DA:72,0
DA:73,0
DA:74,0
DA:76,20
DA:77,20
DA:78,20
DA:80,20
DA:81,20
DA:84,20
DA:85,20
DA:86,20
DA:87,20
DA:88,20
DA:89,20
DA:90,4
DA:91,4
DA:93,8
DA:95,8
LF:76
LH:47
BRDA:10,0,0,8
BRDA:15,1,0,0
BRDA:50,2,0,0
BRDA:54,3,0,0
BRDA:58,4,0,4
BRDA:61,5,0,4
BRDA:15,6,0,20
BRDA:19,7,0,4
BRDA:24,8,0,0
BRDA:21,9,0,10
BRDA:64,10,0,20
BRDA:69,11,0,0
BRF:12
BRH:7
end_of_record
TN:
SF:app/components/mainview/widgets/SessionsListWidget.stories.tsx
FN:1,(empty-report)
FNF:1
FNH:1
FNDA:1,(empty-report)
DA:2,0
DA:3,0
DA:5,0
DA:6,0
DA:7,0
DA:8,0
DA:9,0
DA:10,0
DA:11,0
DA:12,0
DA:13,0
DA:14,0
DA:15,0
DA:17,0
DA:18,0
DA:20,0
DA:23,0
DA:24,0
DA:25,0
DA:26,0
DA:27,0
DA:29,0
DA:30,0
DA:31,0
DA:32,0
DA:33,0
LF:26
LH:0
BRDA:1,0,0,1
BRF:1
BRH:1
end_of_record
TN:
SF:app/components/mainview/widgets/SessionsListWidget.tsx
FN:14,SessionsListWidget
FNF:1
FNH:1
FNDA:14,SessionsListWidget
DA:1,1
DA:2,1
DA:3,1
DA:4,1
DA:5,1
DA:14,1
DA:15,14
DA:16,14
DA:17,14
DA:18,14
DA:20,14
DA:21,7
DA:22,6
DA:23,6
DA:24,6
DA:25,6
DA:27,1
DA:28,1
DA:30,1
DA:31,1
DA:32,1
DA:33,1
DA:34,1
DA:35,1
DA:36,1
DA:37,0
DA:38,0
DA:39,0
DA:40,0
DA:41,0
DA:42,1
DA:44,1
DA:45,1
DA:46,1
DA:47,14
DA:49,14
DA:50,14
DA:51,14
DA:52,1
DA:53,13
DA:54,0
DA:55,13
DA:56,2
DA:58,11
DA:59,11
DA:60,25
DA:61,25
DA:62,25
DA:64,25
DA:65,25
DA:66,25
DA:67,25
DA:68,25
DA:69,25
DA:70,25
DA:71,25
DA:72,11
DA:73,11
DA:75,14
DA:77,14
LF:60
LH:54
BRDA:14,0,0,14
BRDA:16,1,0,12
BRDA:16,2,0,2
BRDA:51,3,0,1
BRDA:52,4,0,13
BRDA:53,5,0,0
BRDA:55,6,0,2
BRDA:56,7,0,11
BRDA:16,8,0,20
BRDA:20,9,0,7
BRDA:21,10,0,6
BRDA:25,11,0,1
BRDA:22,12,0,10
BRDA:31,13,0,1
BRDA:44,14,0,1
BRDA:59,15,0,25
BRF:16
BRH:15
end_of_record
TN:
SF:app/components/shared/UserMenu.tsx
FN:5,UserMenu
FN:11,handleClickOutside
FN:39,onClick
FN:53,onClick
FN:59,onClick
FNF:5
FNH:3
FNDA:16,UserMenu
FNDA:0,handleClickOutside
FNDA:3,onClick
FNDA:0,onClick
FNDA:1,onClick
DA:1,1
DA:2,1
DA:3,1
DA:5,1
DA:6,16
DA:7,16
DA:8,16
DA:10,16
DA:11,12
DA:12,0
DA:13,0
DA:14,0
DA:15,0
DA:16,12
DA:17,12
DA:18,16
DA:20,16
DA:22,16
DA:23,16
DA:24,16
DA:25,0
DA:26,0
DA:27,0
DA:28,0
DA:29,0
DA:31,16
DA:33,16
DA:36,16
DA:37,16
DA:38,16
DA:39,16
DA:40,16
DA:41,16
DA:42,16
DA:44,16
DA:45,16
DA:46,16
DA:48,16
DA:49,2
DA:50,2
DA:51,2
DA:52,2
DA:53,2
DA:54,2
DA:56,2
DA:57,2
DA:58,2
DA:59,2
DA:60,2
DA:61,2
DA:63,2
DA:64,2
DA:66,16
DA:67,16
DA:69,16
LF:55
LH:46
BRDA:5,0,0,16
BRDA:20,1,0,0
BRDA:24,2,0,0
BRDA:41,3,0,0
BRDA:44,4,0,0
BRDA:48,5,0,2
BRDA:10,6,0,12
BRDA:17,7,0,12
BRDA:39,8,0,3
BRDA:39,9,0,3
BRDA:59,10,0,1
BRF:11
BRH:7
end_of_record
TN:
SF:app/constants/timezones.ts
FN:1,(empty-report)
FNF:1
FNH:0
FNDA:0,(empty-report)
DA:1,0
DA:2,0
DA:3,0
DA:4,0
DA:5,0
DA:6,0
DA:7,0
DA:8,0
DA:9,0
DA:10,0
DA:11,0
DA:12,0
DA:13,0
DA:14,0
LF:14
LH:0
BRDA:1,0,0,0
BRF:1
BRH:0
end_of_record
TN:
SF:app/hooks/useAuth.ts
FN:4,useAuth
FNF:1
FNH:0
FNDA:0,useAuth
DA:1,1
DA:2,1
DA:4,1
DA:5,0
DA:7,0
DA:8,0
DA:9,0
DA:10,0
DA:11,0
DA:12,0
DA:13,0
DA:14,0
DA:15,0
DA:16,0
DA:17,0
DA:18,0
DA:20,0
DA:21,0
DA:22,0
DA:24,0
DA:25,0
LF:21
LH:3
BRF:0
BRH:0
end_of_record
TN:
SF:app/hooks/useCampaigns.ts
FN:1,(empty-report)
FNF:1
FNH:0
FNDA:0,(empty-report)
DA:1,0
DA:2,0
DA:9,0
DA:10,0
DA:11,0
DA:12,0
DA:15,0
DA:29,0
DA:30,0
DA:31,0
DA:32,0
DA:33,0
DA:35,0
DA:36,0
DA:37,0
DA:38,0
DA:39,0
DA:40,0
DA:41,0
DA:43,0
DA:44,0
DA:45,0
DA:47,0
DA:48,0
DA:49,0
DA:51,0
DA:52,0
DA:53,0
DA:54,0
DA:56,0
DA:57,0
DA:58,0
DA:59,0
DA:60,0
DA:61,0
DA:63,0
DA:64,0
DA:65,0
DA:66,0
DA:67,0
DA:68,0
DA:70,0
DA:71,0
DA:72,0
DA:74,0
DA:75,0
DA:76,0
DA:77,0
DA:78,0
DA:79,0
DA:80,0
DA:82,0
DA:83,0
DA:84,0
DA:85,0
DA:86,0
DA:87,0
DA:88,0
DA:89,0
DA:90,0
DA:91,0
DA:92,0
DA:94,0
DA:95,0
DA:96,0
DA:97,0
DA:98,0
DA:99,0
DA:100,0
DA:101,0
DA:102,0
DA:103,0
DA:104,0
DA:105,0
DA:106,0
DA:107,0
DA:108,0
DA:109,0
DA:110,0
DA:111,0
DA:112,0
DA:113,0
DA:114,0
DA:115,0
DA:116,0
DA:117,0
DA:118,0
DA:119,0
DA:121,0
DA:122,0
DA:123,0
DA:124,0
DA:125,0
DA:126,0
DA:127,0
DA:129,0
DA:130,0
DA:131,0
DA:132,0
DA:133,0
DA:134,0
DA:136,0
DA:137,0
DA:138,0
DA:139,0
DA:140,0
DA:141,0
DA:142,0
DA:143,0
DA:144,0
DA:145,0
DA:146,0
DA:147,0
DA:148,0
DA:149,0
DA:150,0
DA:151,0
DA:152,0
DA:153,0
DA:154,0
DA:155,0
DA:156,0
DA:157,0
DA:158,0
DA:159,0
DA:160,0
DA:161,0
DA:162,0
DA:163,0
DA:165,0
DA:166,0
DA:167,0
DA:168,0
DA:169,0
DA:170,0
DA:171,0
DA:173,0
DA:174,0
DA:175,0
DA:176,0
DA:177,0
DA:178,0
DA:180,0
DA:181,0
DA:182,0
DA:183,0
DA:184,0
DA:185,0
DA:186,0
DA:187,0
DA:188,0
DA:189,0
DA:190,0
DA:192,0
DA:193,0
DA:194,0
DA:195,0
DA:196,0
DA:197,0
DA:198,0
DA:200,0
DA:201,0
DA:202,0
DA:203,0
DA:204,0
DA:205,0
LF:166
LH:0
BRDA:1,0,0,0
BRF:1
BRH:0
end_of_record
TN:
SF:app/providers/AuthProvider.tsx
FN:27,refresh
FN:30,AuthProvider
FN:57,useAuthContext
FNF:3
FNH:0
FNDA:0,refresh
FNDA:0,AuthProvider
FNDA:0,useAuthContext
DA:1,1
DA:2,1
DA:3,1
DA:4,1
DA:5,1
DA:23,1
DA:24,1
DA:25,1
DA:26,1
DA:27,1
DA:28,1
DA:30,1
DA:31,0
DA:32,0
DA:33,0
DA:34,0
DA:35,0
DA:36,0
DA:37,0
DA:38,0
DA:39,0
DA:40,0
DA:41,0
DA:42,0
DA:43,0
DA:44,0
DA:46,0
DA:47,0
DA:48,0
DA:50,0
DA:51,0
DA:52,0
DA:53,0
DA:55,0
DA:57,1
DA:58,0
DA:59,0
LF:37
LH:13
BRF:0
BRH:0
end_of_record
TN:
SF:app/providers/PostHogProvider.tsx
FN:1,(empty-report)
FNF:1
FNH:0
FNDA:0,(empty-report)
DA:1,0
DA:2,0
DA:3,0
DA:4,0
DA:12,0
DA:14,0
DA:15,0
DA:16,0
DA:17,0
DA:18,0
DA:21,0
DA:22,0
DA:23,0
DA:25,0
DA:27,0
DA:29,0
DA:31,0
DA:33,0
DA:34,0
DA:35,0
DA:36,0
DA:37,0
DA:38,0
DA:39,0
DA:42,0
DA:45,0
DA:46,0
DA:47,0
DA:48,0
DA:50,0
DA:51,0
DA:52,0
DA:53,0
DA:54,0
DA:55,0
DA:58,0
DA:59,0
DA:60,0
DA:61,0
DA:62,0
DA:63,0
DA:64,0
DA:65,0
DA:66,0
DA:67,0
DA:68,0
DA:69,0
DA:70,0
DA:71,0
DA:73,0
DA:74,0
DA:76,0
DA:77,0
DA:78,0
DA:79,0
DA:80,0
DA:81,0
DA:83,0
LF:58
LH:0
BRDA:1,0,0,0
BRF:1
BRH:0
end_of_record
TN:
SF:app/providers/QueryProvider.tsx
FN:1,(empty-report)
FNF:1
FNH:0
FNDA:0,(empty-report)
DA:1,0
DA:2,0
DA:5,0
DA:6,0
DA:7,0
DA:8,0
DA:9,0
DA:10,0
DA:11,0
DA:12,0
DA:13,0
DA:14,0
DA:15,0
DA:16,0
DA:19,0
DA:20,0
DA:22,0
DA:24,0
DA:25,0
DA:26,0
DA:28,0
DA:29,0
DA:31,0
DA:32,0
DA:33,0
DA:34,0
DA:35,0
DA:37,0
DA:39,0
DA:42,0
DA:43,0
DA:44,0
DA:45,0
DA:46,0
DA:47,0
DA:48,0
DA:49,0
DA:50,0
DA:52,0
LF:39
LH:0
BRDA:1,0,0,0
BRF:1
BRH:0
end_of_record
TN:
SF:app/routes/dashboard.tsx
FN:1,(empty-report)
FNF:1
FNH:0
FNDA:0,(empty-report)
DA:1,0
DA:2,0
DA:3,0
DA:4,0
DA:6,0
DA:7,0
DA:8,0
DA:9,0
DA:10,0
DA:11,0
DA:12,0
DA:13,0
DA:15,0
DA:16,0
DA:17,0
DA:19,0
DA:21,0
DA:22,0
DA:23,0
DA:24,0
DA:25,0
DA:27,0
DA:28,0
DA:29,0
DA:30,0
DA:31,0
DA:32,0
DA:33,0
DA:35,0
DA:36,0
DA:37,0
DA:38,0
DA:39,0
DA:40,0
DA:42,0
DA:44,0
DA:47,0
DA:48,0
DA:49,0
DA:50,0
DA:51,0
DA:52,0
DA:53,0
DA:54,0
DA:55,0
DA:56,0
DA:57,0
DA:58,0
DA:60,0
DA:61,0
DA:62,0
DA:63,0
DA:66,0
DA:67,0
DA:68,0
DA:69,0
DA:70,0
DA:72,0
DA:73,0
DA:74,0
DA:75,0
DA:76,0
DA:77,0
DA:79,0
DA:80,0
DA:81,0
DA:82,0
DA:83,0
DA:85,0
LF:69
LH:0
BRDA:1,0,0,0
BRF:1
BRH:0
end_of_record
TN:
SF:app/routes/index.tsx
FN:1,(empty-report)
FNF:1
FNH:1
FNDA:1,(empty-report)
DA:2,0
DA:3,0
DA:4,0
DA:5,0
DA:6,0
DA:7,0
DA:8,0
DA:9,0
DA:11,0
DA:12,0
DA:13,0
DA:14,0
DA:16,0
DA:17,0
DA:18,0
DA:19,0
DA:20,0
DA:21,0
DA:26,0
DA:27,0
DA:28,0
DA:29,0
DA:30,0
DA:31,0
DA:33,0
DA:35,0
DA:36,0
DA:37,0
DA:38,0
DA:40,0
DA:42,0
DA:43,0
DA:44,0
DA:45,0
DA:46,0
DA:47,0
DA:50,0
DA:51,0
DA:52,0
DA:53,0
DA:54,0
DA:56,0
DA:57,0
DA:58,0
DA:60,0
DA:61,0
DA:63,0
DA:64,0
DA:65,0
DA:67,0
DA:68,0
DA:69,0
DA:70,0
DA:71,0
DA:73,0
DA:74,0
DA:76,0
DA:77,0
DA:79,0
DA:81,0
DA:82,0
DA:83,0
DA:84,0
DA:85,0
DA:86,0
DA:87,0
DA:88,0
DA:89,0
DA:90,0
DA:91,0
DA:92,0
DA:93,0
DA:94,0
DA:95,0
DA:96,0
DA:97,0
DA:98,0
DA:100,0
DA:101,0
DA:102,0
DA:103,0
DA:105,0
DA:107,0
DA:108,0
DA:109,0
DA:110,0
DA:111,0
DA:112,0
DA:113,0
DA:114,0
DA:115,0
DA:116,0
DA:119,0
DA:120,0
DA:121,0
DA:122,0
DA:123,0
DA:124,0
DA:125,0
DA:127,0
DA:128,0
DA:130,0
DA:132,0
DA:133,0
DA:135,0
DA:137,0
DA:138,0
DA:140,0
DA:143,0
DA:145,0
DA:146,0
DA:147,0
DA:148,0
DA:149,0
DA:151,0
DA:153,0
DA:154,0
DA:155,0
DA:156,0
DA:157,0
DA:158,0
DA:159,0
DA:160,0
DA:161,0
DA:163,0
DA:164,0
DA:165,0
DA:167,0
DA:168,0
DA:169,0
DA:170,0
DA:172,0
DA:173,0
DA:176,0
DA:177,0
DA:178,0
DA:179,0
DA:180,0
DA:181,0
DA:182,0
DA:183,0
DA:184,0
DA:185,0
DA:186,0
DA:187,0
DA:188,0
DA:189,0
DA:190,0
DA:191,0
DA:192,0
DA:193,0
DA:196,0
DA:197,0
DA:198,0
DA:199,0
DA:200,0
DA:202,0
DA:203,0
DA:204,0
DA:206,0
DA:207,0
DA:208,0
DA:210,0
DA:212,0
DA:213,0
DA:214,0
DA:215,0
DA:216,0
DA:217,0
DA:218,0
DA:219,0
DA:220,0
DA:221,0
DA:222,0
DA:223,0
DA:225,0
DA:226,0
DA:227,0
DA:228,0
DA:229,0
DA:230,0
DA:231,0
DA:232,0
DA:233,0
DA:235,0
DA:236,0
DA:237,0
DA:238,0
DA:239,0
DA:240,0
DA:241,0
DA:242,0
DA:243,0
DA:245,0
DA:246,0
DA:248,0
DA:249,0
DA:251,0
DA:252,0
DA:254,0
DA:255,0
DA:256,0
DA:257,0
DA:258,0
DA:259,0
DA:260,0
DA:261,0
DA:262,0
DA:263,0
DA:264,0
DA:265,0
DA:266,0
DA:267,0
DA:268,0
DA:269,0
DA:270,0
DA:271,0
DA:273,0
DA:274,0
DA:275,0
DA:276,0
DA:277,0
DA:279,0
DA:280,0
DA:283,0
DA:284,0
DA:285,0
DA:286,0
DA:287,0
DA:289,0
LF:230
LH:0
BRDA:1,0,0,1
BRF:1
BRH:1
end_of_record
TN:
SF:app/routes/privacy.tsx
FN:8,PrivacyPage
FNF:1
FNH:1
FNDA:9,PrivacyPage
DA:1,1
DA:2,1
DA:4,1
DA:5,1
DA:6,1
DA:8,1
DA:9,9
DA:10,9
DA:11,9
DA:12,9
DA:13,9
DA:14,9
DA:15,9
DA:16,9
DA:18,9
DA:20,9
DA:22,9
DA:23,9
DA:25,9
DA:26,9
DA:27,9
DA:29,9
DA:30,9
DA:34,9
DA:35,9
DA:37,9
DA:38,9
DA:40,9
DA:41,9
DA:42,9
DA:43,9
DA:44,9
DA:45,9
DA:46,9
DA:49,9
DA:50,9
DA:51,9
DA:52,9
DA:53,9
DA:54,9
DA:56,9
DA:57,9
DA:58,9
DA:59,9
DA:60,9
DA:61,9
DA:64,9
DA:65,9
DA:66,9
DA:67,9
DA:69,9
DA:70,9
DA:72,9
DA:73,9
DA:74,9
DA:75,9
DA:76,9
DA:77,9
DA:78,9
DA:79,9
DA:80,9
DA:81,9
DA:82,9
DA:83,9
DA:84,9
DA:85,9
DA:86,9
DA:87,9
DA:88,9
DA:90,9
DA:91,9
DA:93,9
DA:94,9
DA:96,9
DA:97,9
DA:100,9
DA:101,9
DA:103,9
DA:104,9
DA:106,9
DA:107,9
DA:110,9
DA:111,9
DA:112,9
DA:113,9
DA:114,9
DA:115,9
DA:117,9
DA:118,9
DA:119,9
DA:120,9
DA:121,9
DA:122,9
DA:124,9
DA:125,9
DA:126,9
DA:127,9
DA:128,9
DA:129,9
DA:131,9
DA:132,9
DA:133,9
DA:134,9
DA:135,9
DA:136,9
DA:138,9
DA:139,9
DA:140,9
DA:141,9
DA:143,9
DA:144,9
DA:146,9
DA:147,9
DA:151,9
DA:152,9
DA:154,9
DA:155,9
DA:157,9
DA:158,9
DA:161,9
DA:162,9
DA:164,9
DA:165,9
DA:167,9
DA:168,9
DA:170,9
DA:171,9
DA:172,9
DA:173,9
DA:174,9
DA:176,9
DA:178,9
DA:179,9
DA:181,9
DA:182,9
DA:184,9
DA:185,9
DA:189,9
DA:190,9
DA:192,9
DA:193,9
DA:195,9
DA:196,9
DA:197,9
DA:198,9
DA:199,9
DA:200,9
DA:201,9
DA:203,9
DA:205,9
DA:206,9
DA:207,9
DA:208,9
DA:209,9
DA:211,9
LF:155
LH:155
BRDA:8,0,0,9
BRF:1
BRH:1
end_of_record
TN:
SF:app/routes/terms.tsx
FN:8,TermsPage
FNF:1
FNH:1
FNDA:7,TermsPage
DA:1,1
DA:2,1
DA:4,1
DA:5,1
DA:6,1
DA:8,1
DA:9,7
DA:10,7
DA:11,7
DA:12,7
DA:13,7
DA:14,7
DA:15,7
DA:16,7
DA:18,7
DA:20,7
DA:22,7
DA:23,7
DA:25,7
DA:26,7
DA:27,7
DA:29,7
DA:30,7
DA:34,7
DA:35,7
DA:37,7
DA:38,7
DA:40,7
DA:41,7
DA:46,7
DA:47,7
DA:49,7
DA:50,7
DA:52,7
DA:53,7
DA:58,7
DA:59,7
DA:61,7
DA:62,7
DA:64,7
DA:65,7
DA:71,7
DA:72,7
DA:74,7
DA:75,7
DA:77,7
DA:78,7
DA:80,7
DA:81,7
DA:87,7
DA:88,7
DA:90,7
DA:91,7
DA:93,7
DA:94,7
DA:100,7
DA:101,7
DA:105,7
DA:106,7
DA:108,7
DA:109,7
DA:111,7
DA:112,7
DA:116,7
DA:117,7
DA:119,7
DA:120,7
DA:122,7
DA:123,7
DA:127,7
DA:128,7
DA:129,7
DA:130,7
DA:131,7
DA:133,7
LF:75
LH:75
BRDA:8,0,0,7
BRF:1
BRH:1
end_of_record
TN:
SF:app/routes/auth/$provider.tsx
FN:1,(empty-report)
FNF:1
FNH:0
FNDA:0,(empty-report)
DA:1,0
DA:2,0
DA:3,0
DA:4,0
DA:5,0
DA:12,0
DA:14,0
DA:15,0
DA:16,0
DA:17,0
DA:19,0
DA:20,0
DA:21,0
DA:24,0
DA:25,0
DA:28,0
DA:29,0
DA:30,0
DA:31,0
DA:32,0
DA:33,0
DA:34,0
DA:36,0
DA:37,0
DA:38,0
DA:39,0
DA:40,0
DA:41,0
DA:42,0
DA:43,0
DA:44,0
DA:45,0
DA:46,0
DA:47,0
DA:49,0
DA:50,0
DA:52,0
DA:53,0
DA:54,0
DA:55,0
DA:56,0
DA:57,0
DA:58,0
DA:59,0
DA:60,0
DA:61,0
DA:62,0
DA:63,0
DA:64,0
LF:49
LH:0
BRDA:1,0,0,0
BRF:1
BRH:0
end_of_record
TN:
SF:app/routes/auth/logout.tsx
FN:1,(empty-report)
FNF:1
FNH:0
FNDA:0,(empty-report)
DA:1,0
DA:5,0
DA:6,0
DA:7,0
LF:4
LH:0
BRDA:1,0,0,0
BRF:1
BRH:0
end_of_record
TN:
SF:app/routes/auth/callback/$provider.tsx
FN:1,(empty-report)
FNF:1
FNH:0
FNDA:0,(empty-report)
DA:1,0
DA:2,0
DA:3,0
DA:4,0
DA:5,0
DA:6,0
DA:7,0
DA:9,0
DA:11,0
DA:12,0
DA:13,0
DA:14,0
DA:17,0
DA:18,0
DA:20,0
DA:21,0
DA:22,0
DA:23,0
DA:24,0
DA:25,0
DA:26,0
DA:27,0
DA:29,0
DA:30,0
DA:31,0
DA:32,0
DA:33,0
DA:34,0
DA:35,0
DA:36,0
DA:37,0
DA:38,0
DA:39,0
DA:41,0
DA:42,0
DA:43,0
DA:44,0
DA:45,0
DA:46,0
DA:47,0
DA:48,0
DA:49,0
DA:51,0
DA:52,0
DA:53,0
DA:54,0
DA:55,0
DA:56,0
DA:57,0
DA:58,0
DA:59,0
DA:60,0
DA:61,0
DA:62,0
DA:63,0
DA:64,0
DA:65,0
DA:66,0
DA:67,0
DA:68,0
LF:60
LH:0
BRDA:1,0,0,0
BRF:1
BRH:0
end_of_record
TN:
SF:app/routes/campaigns/index.tsx
FN:1,(empty-report)
FNF:1
FNH:0
FNDA:0,(empty-report)
DA:1,0
DA:2,0
DA:3,0
DA:4,0
DA:5,0
DA:6,0
DA:7,0
DA:8,0
DA:9,0
DA:10,0
DA:11,0
DA:13,0
DA:14,0
DA:15,0
DA:16,0
DA:17,0
DA:18,0
DA:19,0
DA:20,0
DA:21,0
DA:22,0
DA:23,0
DA:24,0
DA:25,0
DA:26,0
DA:27,0
DA:29,0
DA:30,0
DA:31,0
DA:32,0
DA:33,0
DA:34,0
DA:35,0
DA:36,0
DA:38,0
DA:39,0
DA:40,0
DA:41,0
DA:42,0
DA:43,0
DA:44,0
DA:46,0
DA:47,0
DA:48,0
DA:49,0
DA:50,0
DA:51,0
DA:52,0
DA:53,0
DA:54,0
DA:55,0
DA:56,0
DA:57,0
DA:58,0
DA:59,0
DA:61,0
DA:63,0
DA:64,0
DA:65,0
DA:66,0
DA:67,0
DA:68,0
DA:69,0
DA:70,0
DA:72,0
DA:74,0
DA:75,0
DA:77,0
DA:78,0
DA:79,0
DA:80,0
DA:82,0
DA:83,0
DA:84,0
DA:85,0
DA:86,0
DA:87,0
DA:88,0
DA:89,0
DA:90,0
DA:91,0
DA:92,0
DA:93,0
DA:94,0
DA:95,0
DA:96,0
DA:97,0
DA:98,0
DA:99,0
DA:100,0
DA:101,0
DA:102,0
DA:104,0
DA:106,0
DA:107,0
DA:108,0
DA:109,0
DA:110,0
DA:111,0
DA:113,0
DA:115,0
DA:117,0
DA:118,0
DA:120,0
DA:121,0
DA:122,0
DA:123,0
DA:124,0
DA:125,0
DA:126,0
DA:127,0
DA:129,0
DA:130,0
DA:131,0
DA:132,0
DA:133,0
DA:134,0
DA:135,0
DA:136,0
DA:137,0
DA:138,0
DA:139,0
DA:140,0
DA:141,0
DA:142,0
DA:143,0
DA:144,0
DA:145,0
DA:146,0
DA:147,0
DA:148,0
DA:149,0
DA:150,0
DA:151,0
DA:153,0
DA:154,0
DA:155,0
DA:156,0
DA:157,0
DA:158,0
DA:159,0
DA:161,0
DA:162,0
DA:163,0
DA:164,0
DA:165,0
DA:166,0
DA:168,0
DA:170,0
LF:149
LH:0
BRDA:1,0,0,0
BRF:1
BRH:0
end_of_record
TN:
SF:app/routes/campaigns/new.tsx
FN:1,(empty-report)
FNF:1
FNH:1
FNDA:1,(empty-report)
DA:2,0
DA:3,0
DA:4,0
DA:5,0
DA:6,0
DA:7,0
DA:8,0
DA:9,0
DA:10,0
DA:11,0
DA:12,0
DA:13,0
DA:14,0
DA:16,0
DA:17,0
DA:18,0
DA:19,0
DA:20,0
DA:21,0
DA:22,0
DA:23,0
DA:24,0
DA:26,0
DA:27,0
DA:29,0
DA:30,0
DA:31,0
DA:33,0
DA:34,0
DA:37,0
DA:38,0
DA:39,0
DA:40,0
DA:41,0
DA:42,0
DA:43,0
DA:44,0
DA:45,0
DA:46,0
DA:47,0
DA:49,0
DA:50,0
DA:51,0
DA:53,0
DA:54,0
DA:55,0
DA:56,0
DA:57,0
DA:58,0
DA:59,0
DA:60,0
DA:61,0
DA:62,0
DA:63,0
DA:64,0
DA:65,0
DA:66,0
DA:67,0
DA:69,0
DA:70,0
DA:71,0
DA:72,0
DA:74,0
DA:75,0
DA:76,0
DA:78,0
DA:79,0
DA:80,0
DA:81,0
DA:82,0
DA:83,0
DA:84,0
DA:85,0
DA:87,0
DA:88,0
DA:89,0
DA:90,0
DA:91,0
DA:92,0
DA:93,0
DA:94,0
DA:95,0
DA:96,0
DA:97,0
DA:98,0
DA:99,0
DA:101,0
DA:102,0
DA:104,0
DA:106,0
DA:107,0
DA:108,0
DA:109,0
DA:110,0
DA:111,0
DA:112,0
DA:113,0
DA:115,0
DA:117,0
DA:118,0
DA:119,0
DA:120,0
DA:121,0
DA:122,0
DA:125,0
DA:127,0
DA:128,0
DA:129,0
DA:130,0
DA:131,0
DA:132,0
DA:133,0
DA:134,0
DA:135,0
DA:136,0
DA:137,0
DA:138,0
DA:139,0
DA:140,0
DA:141,0
DA:142,0
DA:143,0
DA:144,0
DA:145,0
DA:146,0
DA:147,0
DA:148,0
DA:149,0
DA:150,0
DA:151,0
DA:152,0
DA:153,0
DA:154,0
DA:155,0
DA:156,0
DA:158,0
DA:159,0
DA:161,0
DA:162,0
DA:163,0
DA:164,0
DA:165,0
DA:167,0
DA:168,0
DA:169,0
DA:170,0
DA:171,0
DA:174,0
DA:175,0
DA:176,0
DA:177,0
DA:178,0
DA:179,0
DA:180,0
DA:181,0
DA:182,0
DA:183,0
DA:184,0
DA:185,0
DA:186,0
DA:187,0
DA:188,0
DA:189,0
DA:190,0
DA:192,0
DA:193,0
DA:194,0
DA:195,0
DA:196,0
DA:197,0
DA:198,0
DA:199,0
DA:200,0
DA:201,0
DA:202,0
DA:203,0
DA:204,0
DA:205,0
DA:206,0
DA:207,0
DA:208,0
DA:209,0
DA:211,0
DA:212,0
DA:213,0
DA:214,0
DA:215,0
DA:216,0
DA:217,0
DA:218,0
DA:219,0
DA:220,0
DA:221,0
DA:222,0
DA:223,0
DA:224,0
DA:225,0
DA:226,0
DA:227,0
DA:228,0
DA:229,0
DA:230,0
DA:231,0
DA:234,0
DA:235,0
DA:236,0
DA:237,0
DA:238,0
DA:239,0
DA:240,0
DA:241,0
DA:242,0
DA:243,0
DA:244,0
DA:245,0
DA:246,0
DA:247,0
DA:248,0
DA:249,0
DA:250,0
DA:251,0
DA:252,0
DA:253,0
DA:254,0
DA:255,0
DA:256,0
DA:257,0
DA:258,0
DA:259,0
DA:260,0
DA:261,0
DA:262,0
DA:264,0
DA:265,0
DA:266,0
DA:267,0
DA:268,0
DA:269,0
DA:270,0
DA:271,0
DA:273,0
DA:274,0
DA:275,0
DA:278,0
DA:279,0
DA:280,0
DA:281,0
DA:282,0
DA:283,0
DA:284,0
DA:285,0
DA:286,0
DA:287,0
DA:288,0
DA:289,0
DA:290,0
DA:292,0
DA:293,0
DA:294,0
DA:295,0
DA:296,0
DA:297,0
DA:298,0
DA:301,0
DA:302,0
DA:303,0
DA:304,0
DA:305,0
DA:306,0
DA:307,0
DA:308,0
DA:309,0
DA:310,0
DA:311,0
DA:312,0
DA:313,0
DA:314,0
DA:315,0
DA:316,0
DA:317,0
DA:318,0
DA:319,0
DA:320,0
DA:321,0
DA:322,0
DA:323,0
DA:324,0
DA:325,0
DA:326,0
DA:328,0
DA:331,0
DA:332,0
DA:333,0
DA:334,0
DA:335,0
DA:336,0
DA:337,0
DA:338,0
DA:340,0
DA:341,0
DA:342,0
DA:343,0
DA:344,0
DA:345,0
DA:346,0
DA:347,0
DA:348,0
DA:350,0
DA:352,0
DA:353,0
DA:354,0
DA:355,0
DA:356,0
DA:357,0
DA:358,0
DA:360,0
DA:361,0
DA:363,0
DA:364,0
DA:365,0
DA:366,0
DA:368,0
LF:322
LH:0
BRDA:1,0,0,1
BRF:1
BRH:1
end_of_record
TN:
SF:app/routes/campaigns/$campaignId/edit.tsx
FN:1,(empty-report)
FNF:1
FNH:1
FNDA:1,(empty-report)
DA:2,0
DA:3,0
DA:4,0
DA:5,0
DA:6,0
DA:7,0
DA:8,0
DA:9,0
DA:10,0
DA:11,0
DA:12,0
DA:13,0
DA:14,0
DA:15,0
DA:16,0
DA:18,0
DA:19,0
DA:20,0
DA:21,0
DA:22,0
DA:23,0
DA:24,0
DA:25,0
DA:26,0
DA:27,0
DA:28,0
DA:29,0
DA:30,0
DA:31,0
DA:33,0
DA:34,0
DA:35,0
DA:36,0
DA:38,0
DA:39,0
DA:40,0
DA:41,0
DA:42,0
DA:43,0
DA:44,0
DA:45,0
DA:46,0
DA:47,0
DA:48,0
DA:49,0
DA:50,0
DA:52,0
DA:53,0
DA:54,0
DA:55,0
DA:57,0
DA:58,0
DA:59,0
DA:60,0
DA:61,0
DA:62,0
DA:63,0
DA:64,0
DA:65,0
DA:66,0
DA:67,0
DA:68,0
DA:69,0
DA:70,0
DA:71,0
DA:72,0
DA:73,0
DA:74,0
DA:75,0
DA:76,0
DA:77,0
DA:79,0
DA:80,0
DA:81,0
DA:82,0
DA:83,0
DA:84,0
DA:85,0
DA:86,0
DA:87,0
DA:88,0
DA:89,0
DA:90,0
DA:92,0
DA:93,0
DA:95,0
DA:97,0
DA:98,0
DA:99,0
DA:100,0
DA:101,0
DA:103,0
DA:104,0
DA:106,0
DA:107,0
DA:110,0
DA:111,0
DA:112,0
DA:113,0
DA:114,0
DA:115,0
DA:116,0
DA:117,0
DA:118,0
DA:119,0
DA:120,0
DA:121,0
DA:122,0
DA:123,0
DA:124,0
DA:125,0
DA:126,0
DA:127,0
DA:128,0
DA:130,0
DA:131,0
DA:132,0
DA:133,0
DA:135,0
DA:136,0
DA:137,0
DA:139,0
DA:140,0
DA:141,0
DA:143,0
DA:144,0
DA:145,0
DA:146,0
DA:147,0
DA:149,0
DA:150,0
DA:152,0
DA:153,0
DA:154,0
DA:155,0
DA:156,0
DA:157,0
DA:158,0
DA:159,0
DA:160,0
DA:161,0
DA:162,0
DA:163,0
DA:164,0
DA:165,0
DA:166,0
DA:167,0
DA:168,0
DA:169,0
DA:170,0
DA:171,0
DA:172,0
DA:173,0
DA:174,0
DA:175,0
DA:176,0
DA:177,0
DA:178,0
DA:179,0
DA:180,0
DA:181,0
DA:182,0
DA:183,0
DA:184,0
DA:185,0
DA:186,0
DA:187,0
DA:188,0
DA:189,0
DA:190,0
DA:191,0
DA:192,0
DA:194,0
DA:195,0
DA:196,0
DA:197,0
DA:198,0
DA:199,0
DA:200,0
DA:201,0
DA:202,0
DA:203,0
DA:204,0
DA:205,0
DA:206,0
DA:207,0
DA:208,0
DA:209,0
DA:210,0
DA:211,0
DA:212,0
DA:213,0
DA:214,0
DA:215,0
DA:216,0
DA:217,0
DA:218,0
DA:220,0
DA:221,0
DA:222,0
DA:223,0
DA:224,0
DA:225,0
DA:226,0
DA:227,0
DA:229,0
DA:230,0
DA:231,0
DA:233,0
DA:234,0
DA:235,0
DA:236,0
DA:237,0
DA:238,0
DA:239,0
DA:240,0
DA:241,0
DA:242,0
DA:243,0
DA:244,0
DA:246,0
DA:247,0
DA:248,0
DA:249,0
DA:250,0
DA:251,0
DA:252,0
DA:254,0
DA:255,0
DA:256,0
DA:257,0
DA:259,0
LF:232
LH:0
BRDA:1,0,0,1
BRF:1
BRH:1
end_of_record
TN:
SF:app/routes/campaigns/$campaignId/play.tsx
FN:20,validateSearch
FN:21,beforeLoad
FN:29,PlayPage
FNF:3
FNH:0
FNDA:0,validateSearch
FNDA:0,beforeLoad
FNDA:0,PlayPage
DA:1,1
DA:2,1
DA:3,1
DA:4,1
DA:5,1
DA:6,1
DA:7,1
DA:9,1
DA:10,1
DA:11,1
DA:12,1
DA:13,1
DA:15,1
DA:16,1
DA:17,1
DA:19,1
DA:20,1
DA:21,1
DA:22,0
DA:23,0
DA:24,0
DA:25,0
DA:26,1
DA:27,1
DA:29,0
DA:30,0
DA:31,0
DA:33,0
DA:34,0
DA:35,0
DA:37,0
DA:38,0
DA:39,0
DA:40,0
DA:41,0
DA:42,0
DA:43,0
DA:44,0
DA:45,0
DA:46,0
DA:47,0
DA:49,0
DA:50,0
DA:51,0
DA:52,0
DA:53,0
DA:54,0
DA:55,0
DA:56,0
DA:57,0
DA:58,0
DA:59,0
DA:60,0
DA:61,0
DA:62,0
DA:64,0
DA:65,0
DA:66,0
DA:67,0
DA:68,0
DA:70,0
LF:61
LH:20
BRF:0
BRH:0
end_of_record
TN:
SF:app/routes/campaigns/$campaignId/summary.tsx
FN:11,beforeLoad
FN:16,loader
FN:27,CampaignSummaryPage
FN:30,copyCode
FNF:4
FNH:1
FNDA:0,beforeLoad
FNDA:0,loader
FNDA:1,CampaignSummaryPage
FNDA:0,copyCode
DA:1,1
DA:2,1
DA:3,1
DA:4,1
DA:5,1
DA:6,1
DA:7,1
DA:8,1
DA:10,1
DA:11,1
DA:12,0
DA:13,0
DA:14,0
DA:15,0
DA:16,1
DA:17,0
DA:18,0
DA:19,0
DA:20,0
DA:21,0
DA:22,0
DA:23,0
DA:24,1
DA:25,1
DA:27,1
DA:28,1
DA:30,1
DA:31,0
DA:32,0
DA:33,0
DA:34,0
DA:35,0
DA:36,0
DA:37,0
DA:39,1
DA:40,1
DA:41,1
DA:42,1
DA:43,1
DA:44,1
DA:46,1
DA:47,1
DA:48,1
DA:49,1
DA:50,1
DA:51,1
DA:52,1
DA:53,1
DA:54,1
DA:55,1
DA:57,1
DA:58,1
DA:60,1
DA:61,1
DA:62,0
DA:65,1
DA:66,1
DA:67,1
DA:71,1
DA:72,1
DA:73,1
DA:74,1
DA:75,1
DA:76,1
DA:77,1
DA:78,1
DA:79,1
DA:80,1
DA:81,1
DA:82,1
DA:84,1
DA:85,1
DA:87,0
DA:88,0
DA:89,0
DA:90,0
DA:94,1
DA:95,1
DA:96,1
DA:97,1
DA:98,1
DA:99,1
DA:100,1
DA:101,1
DA:102,1
DA:103,1
DA:104,1
DA:105,1
DA:106,0
DA:107,0
DA:108,0
DA:109,0
DA:110,0
DA:111,1
DA:112,1
DA:115,1
DA:116,1
DA:117,1
DA:118,1
DA:119,1
DA:120,1
DA:121,1
DA:122,1
DA:124,1
DA:125,1
DA:126,1
DA:127,1
DA:128,1
DA:129,1
DA:130,1
DA:131,1
DA:132,1
DA:133,1
DA:135,1
DA:137,1
DA:138,1
DA:139,1
DA:140,1
DA:141,1
DA:143,1
LF:120
LH:92
BRDA:27,0,0,1
BRDA:61,1,0,0
BRDA:85,2,0,0
BRF:3
BRH:1
end_of_record
TN:
SF:app/server/session.ts
FN:19,getSecret
FN:28,getSession
FN:55,setSession
FN:72,clearSession
FNF:4
FNH:4
FNDA:5,getSecret
FNDA:6,getSession
FNDA:1,setSession
FNDA:1,clearSession
DA:1,1
DA:2,1
DA:3,1
DA:17,1
DA:19,5
DA:20,5
DA:21,5
DA:22,5
DA:23,0
DA:24,0
DA:25,5
DA:26,5
DA:28,6
DA:29,6
DA:30,6
DA:31,6
DA:32,4
DA:33,4
DA:34,4
DA:35,6
DA:36,6
DA:39,3
DA:40,3
DA:41,3
DA:42,3
DA:43,0
DA:44,0
DA:46,3
DA:47,3
DA:48,3
DA:49,3
DA:50,3
DA:51,3
DA:52,3
DA:53,6
DA:55,1
DA:56,1
DA:57,1
DA:58,1
DA:59,1
DA:60,1
DA:61,1
DA:63,1
DA:64,1
DA:65,1
DA:66,1
DA:67,1
DA:68,1
DA:69,1
DA:70,1
DA:72,1
DA:73,1
DA:74,1
LF:53
LH:49
BRDA:19,0,0,5
BRDA:21,1,0,0
BRDA:22,2,0,0
BRDA:22,3,0,0
BRDA:28,4,0,6
BRDA:31,5,0,2
BRDA:31,6,0,4
BRDA:34,7,0,1
BRDA:35,8,0,0
BRDA:36,9,0,3
BRDA:42,10,0,0
BRDA:43,11,0,0
BRDA:55,12,0,1
BRDA:56,13,0,0
BRDA:72,14,0,1
BRF:15
BRH:8
end_of_record
TN:
SF:app/server/db/connection.ts
FN:4,connectDB
FN:19,isDBConnected
FNF:2
FNH:0
FNDA:0,connectDB
FNDA:0,isDBConnected
DA:1,1
DA:2,1
DA:4,0
DA:6,0
DA:8,0
DA:9,0
DA:11,0
DA:12,0
DA:13,0
DA:14,0
DA:15,0
DA:16,0
DA:17,0
DA:19,1
DA:20,0
DA:21,0
LF:16
LH:3
BRF:0
BRH:0
end_of_record
TN:
SF:app/server/db/models/Campaign.ts
FNF:0
FNH:0
DA:1,1
DA:3,1
DA:4,1
DA:5,1
DA:6,1
DA:7,1
DA:8,1
DA:9,1
DA:10,1
DA:11,1
DA:12,1
DA:13,1
DA:14,1
DA:15,1
DA:16,1
DA:17,1
DA:18,1
DA:19,1
DA:20,1
DA:23,1
DA:24,0
DA:25,0
DA:27,1
DA:28,1
LF:24
LH:22
BRDA:23,0,0,0
BRF:1
BRH:0
end_of_record
TN:
SF:app/server/db/models/Player.ts
FNF:0
FNH:0
DA:1,1
DA:3,1
DA:4,1
DA:5,1
DA:6,1
DA:7,1
DA:8,1
DA:9,1
DA:10,1
DA:13,1
DA:14,0
DA:15,0
DA:16,0
DA:18,1
DA:19,1
LF:15
LH:12
BRDA:13,0,0,0
BRF:1
BRH:0
end_of_record
TN:
SF:app/server/db/models/User.ts
FNF:0
FNH:0
DA:1,1
DA:3,1
DA:4,1
DA:5,1
DA:6,1
DA:7,1
DA:8,1
DA:9,1
DA:10,1
DA:11,1
DA:12,1
DA:13,1
DA:14,1
DA:16,1
LF:14
LH:14
BRF:0
BRH:0
end_of_record
TN:
SF:app/server/functions/auth.ts
FN:9,toClientUser
FNF:1
FNH:0
FNDA:0,toClientUser
DA:1,1
DA:2,1
DA:3,1
DA:4,1
DA:5,1
DA:6,1
DA:9,0
DA:10,0
DA:11,0
DA:12,0
DA:14,1
DA:15,0
DA:16,0
DA:17,0
DA:20,0
DA:21,0
DA:22,0
DA:23,0
DA:24,0
DA:25,0
DA:26,0
DA:27,0
DA:28,0
DA:31,0
DA:32,0
DA:33,0
DA:34,0
DA:35,0
DA:36,0
DA:38,1
DA:39,3
DA:40,3
DA:41,3
DA:42,3
DA:43,3
DA:44,3
DA:45,3
DA:46,3
DA:47,3
DA:48,1
DA:49,1
DA:50,3
DA:51,3
DA:52,2
DA:53,3
DA:54,1
DA:55,1
DA:56,1
DA:57,3
LF:49
LH:27
BRDA:38,0,0,3
BRDA:46,1,0,2
BRDA:47,2,0,1
BRDA:51,3,0,2
BRDA:53,4,0,1
BRF:5
BRH:5
end_of_record
TN:
SF:app/server/functions/campaigns.ts
FN:35,buildScheduleText
FN:44,serializeCampaign
FN:222,imageFieldsRefinement
FNF:3
FNH:3
FNDA:18,buildScheduleText
FNDA:14,serializeCampaign
FNDA:9,imageFieldsRefinement
DA:1,1
DA:2,1
DA:3,1
DA:4,1
DA:5,1
DA:6,1
DA:7,1
DA:8,1
DA:9,1
DA:10,1
DA:35,1
DA:40,18
DA:41,18
DA:42,18
DA:44,14
DA:56,14
DA:57,14
DA:58,14
DA:59,14
DA:61,14
DA:62,14
DA:63,0
DA:64,14
DA:65,14
DA:66,14
DA:67,14
DA:68,14
DA:69,14
DA:70,14
DA:71,14
DA:72,14
DA:73,14
DA:74,14
DA:75,14
DA:76,14
DA:77,14
DA:78,14
DA:79,14
DA:80,14
DA:81,14
DA:82,14
DA:83,0
DA:84,14
DA:85,14
DA:86,14
DA:87,14
DA:88,14
DA:89,14
DA:91,1
DA:92,10
DA:93,10
DA:94,10
DA:96,9
DA:97,10
DA:99,9
DA:100,10
DA:103,8
DA:104,8
DA:105,8
DA:106,8
DA:108,8
DA:109,8
DA:110,8
DA:112,8
DA:113,8
DA:115,8
DA:116,8
DA:117,8
DA:118,8
DA:119,8
DA:120,8
DA:121,1
DA:122,1
DA:123,1
DA:124,1
DA:125,1
DA:126,1
DA:127,1
DA:128,1
DA:129,1
DA:130,1
DA:131,8
DA:132,8
DA:134,8
DA:135,8
DA:136,8
DA:137,8
DA:139,8
DA:140,1
DA:141,1
DA:142,7
DA:143,8
DA:144,10
DA:145,0
DA:146,0
DA:147,0
DA:148,10
DA:150,1
DA:151,1
DA:152,1
DA:153,9
DA:154,9
DA:155,9
DA:157,9
DA:158,9
DA:160,9
DA:161,9
DA:162,9
DA:164,9
DA:167,9
DA:168,9
DA:169,8
DA:170,4
DA:171,0
DA:172,9
DA:174,9
DA:176,9
DA:177,9
DA:178,9
DA:179,9
DA:180,6
DA:181,1
DA:182,1
DA:183,1
DA:184,1
DA:185,1
DA:186,6
DA:188,6
DA:191,9
DA:192,1
DA:193,1
DA:195,5
DA:196,9
DA:197,0
DA:198,0
DA:199,0
DA:200,9
DA:202,1
DA:203,1
DA:204,1
DA:205,1
DA:206,1
DA:207,1
DA:208,1
DA:209,1
DA:210,1
DA:212,1
DA:214,1
DA:215,1
DA:216,1
DA:217,1
DA:218,1
DA:219,1
DA:220,1
DA:222,9
DA:224,9
DA:226,9
DA:227,2
DA:228,2
DA:229,1
DA:230,1
DA:232,2
DA:233,7
DA:234,7
DA:235,6
DA:236,6
DA:237,1
DA:238,1
DA:239,1
DA:241,9
DA:242,1
DA:243,1
DA:244,1
DA:245,1
DA:246,1
DA:248,1
DA:249,1
DA:250,1
DA:251,1
DA:253,1
DA:254,1
DA:255,1
DA:256,9
DA:257,9
DA:258,9
DA:259,9
DA:261,8
DA:262,9
DA:264,8
DA:266,9
DA:268,8
DA:269,9
DA:271,8
DA:272,9
DA:274,4
DA:275,4
DA:276,3
DA:277,3
DA:278,3
DA:279,4
DA:280,4
DA:281,4
DA:282,1
DA:283,1
DA:284,2
DA:285,4
DA:287,0
DA:288,0
DA:289,0
DA:290,0
DA:291,0
DA:292,0
DA:293,0
DA:295,6
DA:296,6
DA:297,9
DA:298,6
DA:299,6
DA:300,6
DA:301,6
DA:302,6
DA:303,6
DA:304,6
DA:305,6
DA:306,6
DA:307,6
DA:308,6
DA:309,6
DA:310,6
DA:311,6
DA:312,6
DA:313,6
DA:314,6
DA:315,6
DA:316,6
DA:317,6
DA:318,6
DA:319,6
DA:320,0
DA:321,0
DA:322,0
DA:323,6
DA:325,9
DA:328,6
DA:329,6
DA:330,6
DA:331,6
DA:333,6
DA:334,6
DA:335,6
DA:336,6
DA:337,9
DA:338,9
DA:340,9
DA:341,9
DA:342,9
DA:343,9
DA:344,9
DA:345,9
DA:346,3
DA:347,3
DA:348,3
DA:349,9
DA:351,1
DA:352,1
DA:353,1
DA:354,6
DA:355,6
DA:356,6
DA:358,5
DA:359,6
DA:361,5
DA:362,6
DA:364,5
DA:365,6
DA:366,6
DA:368,4
DA:370,6
DA:372,4
DA:373,4
DA:374,4
DA:375,4
DA:376,6
DA:377,6
DA:378,6
DA:379,6
DA:380,6
DA:381,6
DA:382,6
DA:384,6
DA:386,2
DA:387,2
DA:388,2
DA:389,2
DA:390,2
DA:391,2
DA:392,2
DA:393,2
DA:394,1
DA:395,1
DA:396,1
DA:397,2
DA:399,0
DA:400,0
DA:401,0
DA:402,0
DA:403,0
DA:404,0
DA:405,0
DA:407,3
DA:408,3
DA:409,3
DA:410,3
DA:411,3
DA:412,3
DA:413,3
DA:414,6
DA:416,1
DA:417,1
DA:418,1
DA:419,7
DA:420,7
DA:421,7
DA:423,7
DA:424,7
DA:426,7
DA:427,7
DA:429,7
DA:430,7
DA:431,7
DA:432,7
DA:435,5
DA:436,7
DA:437,7
DA:438,7
DA:439,7
DA:441,4
DA:443,4
DA:444,4
DA:445,4
DA:446,4
DA:447,4
DA:448,4
DA:449,4
DA:450,4
DA:451,4
DA:452,4
DA:453,4
DA:454,4
DA:455,4
DA:456,4
DA:457,4
DA:458,4
DA:459,4
DA:460,4
DA:461,4
DA:462,4
DA:463,4
DA:464,4
DA:465,4
DA:466,4
DA:467,4
DA:468,4
DA:469,4
DA:471,7
DA:472,1
DA:473,1
DA:475,3
DA:476,3
DA:477,3
DA:478,3
DA:479,3
DA:480,3
DA:483,3
DA:484,3
DA:485,3
DA:486,3
DA:487,3
DA:488,3
DA:489,3
DA:490,3
DA:491,3
DA:492,3
DA:493,3
DA:494,3
DA:495,3
DA:496,7
DA:497,7
DA:498,7
DA:499,7
DA:500,7
DA:501,7
DA:502,7
DA:504,3
DA:506,3
DA:507,7
DA:508,4
DA:509,4
DA:510,4
DA:511,7
LF:400
LH:374
BRDA:35,0,0,18
BRDA:44,1,0,14
BRDA:58,2,0,2
BRDA:62,3,0,3
BRDA:62,4,0,0
BRDA:66,5,0,0
BRDA:67,6,0,0
BRDA:68,7,0,0
BRDA:69,8,0,0
BRDA:71,9,0,0
BRDA:72,10,0,0
BRDA:74,11,0,0
BRDA:75,12,0,0
BRDA:76,13,0,0
BRDA:77,14,0,0
BRDA:79,15,0,0
BRDA:82,16,0,0
BRDA:82,17,0,0
BRDA:59,18,0,13
BRDA:62,19,0,11
BRDA:71,20,0,1
BRDA:71,21,0,0
BRDA:71,22,0,0
BRDA:91,23,0,10
BRDA:94,24,0,1
BRDA:94,25,0,9
BRDA:97,26,0,0
BRDA:97,27,0,9
BRDA:100,28,0,1
BRDA:100,29,0,8
BRDA:144,30,0,0
BRDA:112,31,0,8
BRDA:120,32,0,1
BRDA:135,33,0,8
BRDA:136,34,0,7
BRDA:139,35,0,1
BRDA:141,36,0,7
BRDA:152,37,0,9
BRDA:155,38,0,0
BRDA:158,39,0,0
BRDA:162,40,0,1
BRDA:162,41,0,8
BRDA:164,42,0,0
BRDA:167,43,0,2
BRDA:168,44,0,8
BRDA:169,45,0,4
BRDA:170,46,0,3
BRDA:170,47,0,3
BRDA:170,48,0,0
BRDA:172,49,0,2
BRDA:172,50,0,6
BRDA:174,51,0,6
BRDA:179,52,0,6
BRDA:191,53,0,1
BRDA:193,54,0,5
BRDA:196,55,0,0
BRDA:169,56,0,5
BRDA:180,57,0,1
BRDA:222,58,0,9
BRDA:226,59,0,2
BRDA:228,60,0,1
BRDA:229,61,0,1
BRDA:232,62,0,7
BRDA:234,63,0,6
BRDA:235,64,0,6
BRDA:236,65,0,1
BRDA:255,66,0,9
BRDA:258,67,0,1
BRDA:258,68,0,8
BRDA:259,69,0,0
BRDA:259,70,0,8
BRDA:262,71,0,0
BRDA:262,72,0,8
BRDA:266,73,0,0
BRDA:266,74,0,8
BRDA:269,75,0,0
BRDA:269,76,0,8
BRDA:272,77,0,4
BRDA:275,78,0,1
BRDA:275,79,0,3
BRDA:279,80,0,1
BRDA:279,81,0,2
BRDA:280,82,0,0
BRDA:281,83,0,1
BRDA:283,84,0,2
BRDA:285,85,0,0
BRDA:285,86,0,0
BRDA:285,87,0,0
BRDA:293,88,0,6
BRDA:297,89,0,12
BRDA:297,90,0,6
BRDA:301,91,0,0
BRDA:314,92,0,5
BRDA:319,93,0,0
BRDA:325,94,0,0
BRDA:325,95,0,6
BRDA:337,96,0,6
BRDA:337,97,0,6
BRDA:345,98,0,3
BRDA:346,99,0,2
BRDA:353,100,0,6
BRDA:356,101,0,1
BRDA:356,102,0,5
BRDA:359,103,0,0
BRDA:359,104,0,5
BRDA:362,105,0,0
BRDA:362,106,0,5
BRDA:365,107,0,1
BRDA:365,108,0,4
BRDA:366,109,0,0
BRDA:366,110,0,4
BRDA:370,111,0,0
BRDA:370,112,0,4
BRDA:376,113,0,4
BRDA:377,114,0,4
BRDA:378,115,0,4
BRDA:380,116,0,3
BRDA:384,117,0,2
BRDA:387,118,0,0
BRDA:391,119,0,1
BRDA:392,120,0,0
BRDA:393,121,0,1
BRDA:397,122,0,0
BRDA:397,123,0,0
BRDA:397,124,0,0
BRDA:405,125,0,3
BRDA:411,126,0,2
BRDA:418,127,0,7
BRDA:421,128,0,0
BRDA:424,129,0,0
BRDA:427,130,0,0
BRDA:431,131,0,1
BRDA:431,132,0,6
BRDA:432,133,0,1
BRDA:432,134,0,5
BRDA:436,135,0,0
BRDA:438,136,0,4
BRDA:439,137,0,1
BRDA:439,138,0,4
BRDA:471,139,0,1
BRDA:473,140,0,3
BRDA:496,141,0,0
BRDA:502,142,0,3
BRDA:507,143,0,4
BRDA:437,144,0,9
BRF:145
BRH:97
end_of_record
TN:
SF:app/server/functions/uploads.ts
FNF:0
FNH:0
DA:1,1
DA:2,1
DA:3,1
DA:4,1
DA:5,1
DA:6,1
DA:7,1
DA:9,1
DA:10,1
DA:11,1
DA:12,1
DA:13,1
DA:14,1
DA:16,1
DA:17,1
DA:18,1
DA:19,1
DA:20,1
DA:21,1
DA:22,1
DA:23,1
DA:24,1
DA:25,1
DA:26,1
DA:27,16
DA:28,16
DA:29,16
DA:31,14
DA:32,16
DA:34,13
DA:35,16
DA:37,12
DA:38,12
DA:39,12
DA:40,12
DA:41,16
DA:42,1
DA:43,1
DA:45,11
DA:47,11
DA:48,11
DA:49,11
DA:50,11
DA:51,11
DA:53,11
DA:54,11
DA:55,11
DA:56,11
DA:57,11
DA:59,11
DA:60,11
DA:62,11
DA:63,16
DA:64,5
DA:65,5
DA:66,5
DA:67,16
LF:57
LH:57
BRDA:26,0,0,16
BRDA:29,1,0,2
BRDA:29,2,0,14
BRDA:32,3,0,1
BRDA:32,4,0,13
BRDA:35,5,0,1
BRDA:35,6,0,12
BRDA:41,7,0,11
BRDA:41,8,0,11
BRDA:41,9,0,11
BRDA:41,10,0,1
BRDA:43,11,0,11
BRDA:63,12,0,5
BRDA:64,13,0,3
BRF:14
BRH:14
end_of_record
TN:
SF:app/server/middleware/auth.ts
FN:1,(empty-report)
FNF:1
FNH:0
FNDA:0,(empty-report)
DA:1,0
DA:2,0
DA:3,0
DA:5,0
DA:6,0
DA:7,0
DA:8,0
DA:9,0
LF:8
LH:0
BRDA:1,0,0,0
BRF:1
BRH:0
end_of_record
TN:
SF:app/server/utils/helpers.ts
FN:5,generateInviteCode
FN:7,part
FN:12,providerConfigured
FN:40,validateUrl
FN:51,parseMaxPlayers
FN:75,saveUploadedFile
FNF:6
FNH:6
FNDA:108,generateInviteCode
FNDA:216,part
FNDA:4,providerConfigured
FNDA:10,validateUrl
FNDA:25,parseMaxPlayers
FNDA:12,saveUploadedFile
DA:1,1
DA:2,1
DA:3,1
DA:5,1
DA:6,108
DA:7,108
DA:8,216
DA:9,108
DA:10,108
DA:12,1
DA:14,4
DA:16,3
DA:17,4
DA:18,2
DA:19,4
DA:20,0
DA:21,4
DA:22,0
DA:23,0
DA:25,0
DA:26,0
DA:27,0
DA:28,0
DA:29,0
DA:30,0
DA:31,0
DA:32,0
DA:33,0
DA:34,0
DA:35,4
DA:36,1
DA:37,4
DA:38,4
DA:40,1
DA:41,10
DA:42,6
DA:43,6
DA:44,10
DA:45,3
DA:46,10
DA:47,1
DA:48,1
DA:49,10
DA:51,1
DA:52,25
DA:53,25
DA:54,25
DA:55,17
DA:56,17
DA:64,1
DA:75,12
DA:76,12
DA:77,12
DA:78,12
DA:79,12
DA:80,12
DA:81,12
DA:82,12
DA:83,12
DA:84,12
DA:86,10
DA:88,10
DA:89,12
DA:91,4
DA:92,1
DA:93,1
DA:95,3
DA:96,3
DA:97,3
DA:98,3
DA:99,3
DA:100,3
DA:101,3
DA:103,6
DA:104,6
DA:105,6
DA:106,6
DA:108,12
DA:109,1
DA:110,1
DA:111,1
DA:112,1
DA:114,5
DA:115,5
DA:116,5
DA:117,5
DA:118,5
DA:119,5
DA:121,5
DA:122,5
DA:123,5
DA:124,5
DA:125,5
DA:126,5
DA:127,5
DA:128,5
DA:129,5
DA:131,5
DA:132,5
DA:133,5
LF:100
LH:87
BRDA:5,0,0,108
BRDA:7,1,0,216
BRDA:8,2,0,864
BRDA:12,3,0,4
BRDA:14,4,0,1
BRDA:14,5,0,3
BRDA:17,6,0,2
BRDA:18,7,0,1
BRDA:19,8,0,0
BRDA:21,9,0,0
BRDA:35,10,0,1
BRDA:40,11,0,10
BRDA:41,12,0,7
BRDA:41,13,0,4
BRDA:41,14,0,6
BRDA:44,15,0,4
BRDA:44,16,0,2
BRDA:44,17,0,3
BRDA:46,18,0,1
BRDA:51,19,0,25
BRDA:52,20,0,12
BRDA:53,21,0,23
BRDA:53,22,0,5
BRDA:53,23,0,20
BRDA:54,24,0,3
BRDA:54,25,0,17
BRDA:75,26,0,12
BRDA:83,27,0,1
BRDA:83,28,0,11
BRDA:84,29,0,1
BRDA:84,30,0,10
BRDA:89,31,0,4
BRDA:91,32,0,1
BRDA:93,33,0,3
BRDA:101,34,0,6
BRDA:108,35,0,5
BRDA:108,36,0,5
BRDA:108,37,0,5
BRDA:108,38,0,1
BRDA:112,39,0,5
BRF:40
BRH:38
end_of_record
TN:
SF:app/server/utils/oauth.ts
FN:20,requireBaseUrl
FN:26,buildGoogleOAuthUrl
FN:40,buildGithubOAuthUrl
FN:51,buildAppleOAuthUrl
FN:64,exchangeAppleCode
FN:136,exchangeGoogleCode
FN:197,exchangeGithubCode
FN:266,upsertUser
FN:305,revokeToken
FNF:9
FNH:5
FNDA:3,requireBaseUrl
FNDA:2,buildGoogleOAuthUrl
FNDA:1,buildGithubOAuthUrl
FNDA:0,buildAppleOAuthUrl
FNDA:0,exchangeAppleCode
FNDA:0,exchangeGoogleCode
FNDA:0,exchangeGithubCode
FNDA:2,upsertUser
FNDA:3,revokeToken
DA:1,1
DA:2,1
DA:4,1
DA:5,1
DA:20,3
DA:21,3
DA:22,3
DA:23,3
DA:24,3
DA:26,1
DA:27,2
DA:28,2
DA:29,2
DA:30,2
DA:31,2
DA:32,2
DA:33,2
DA:34,2
DA:35,2
DA:36,2
DA:37,2
DA:38,2
DA:40,1
DA:41,1
DA:42,1
DA:43,1
DA:44,1
DA:45,1
DA:46,1
DA:47,1
DA:48,1
DA:49,1
DA:51,1
DA:52,0
DA:53,0
DA:54,0
DA:55,0
DA:56,0
DA:57,0
DA:58,0
DA:59,0
DA:60,0
DA:61,0
DA:62,0
DA:64,0
DA:65,0
DA:66,0
DA:67,0
DA:68,0
DA:69,0
DA:70,0
DA:71,0
DA:72,0
DA:74,0
DA:75,0
DA:76,0
DA:77,0
DA:79,0
DA:80,0
DA:81,0
DA:82,0
DA:83,0
DA:84,0
DA:85,0
DA:86,0
DA:88,0
DA:89,0
DA:90,0
DA:91,0
DA:92,0
DA:93,0
DA:94,0
DA:95,0
DA:96,0
DA:97,0
DA:98,0
DA:100,0
DA:101,0
DA:102,0
DA:103,0
DA:104,0
DA:105,0
DA:106,0
DA:112,0
DA:113,0
DA:114,0
DA:115,0
DA:116,0
DA:118,0
DA:119,0
DA:120,0
DA:121,0
DA:122,0
DA:124,0
DA:125,0
DA:126,0
DA:127,0
DA:128,0
DA:129,0
DA:130,0
DA:131,0
DA:132,0
DA:133,0
DA:134,0
DA:136,0
DA:137,0
DA:138,0
DA:139,0
DA:140,0
DA:141,0
DA:142,0
DA:143,0
DA:144,0
DA:145,0
DA:146,0
DA:147,0
DA:148,0
DA:149,0
DA:150,0
DA:151,0
DA:152,0
DA:153,0
DA:154,0
DA:159,0
DA:160,0
DA:161,0
DA:162,0
DA:163,0
DA:165,0
DA:166,0
DA:167,0
DA:168,0
DA:169,0
DA:170,0
DA:171,0
DA:172,0
DA:173,0
DA:179,0
DA:180,0
DA:181,0
DA:182,0
DA:183,0
DA:185,0
DA:186,0
DA:187,0
DA:188,0
DA:189,0
DA:190,0
DA:191,0
DA:192,0
DA:193,0
DA:194,0
DA:195,0
DA:197,0
DA:198,0
DA:199,0
DA:200,0
DA:201,0
DA:202,0
DA:203,0
DA:204,0
DA:205,0
DA:206,0
DA:207,0
DA:208,0
DA:209,0
DA:210,0
DA:211,0
DA:212,0
DA:213,0
DA:214,0
DA:215,0
DA:216,0
DA:217,0
DA:218,0
DA:219,0
DA:221,0
DA:222,0
DA:223,0
DA:224,0
DA:225,0
DA:226,0
DA:227,0
DA:228,0
DA:229,0
DA:230,0
DA:231,0
DA:232,0
DA:238,0
DA:239,0
DA:240,0
DA:241,0
DA:242,0
DA:245,0
DA:246,0
DA:247,0
DA:248,0
DA:249,0
DA:250,0
DA:251,0
DA:252,0
DA:254,0
DA:255,0
DA:256,0
DA:257,0
DA:258,0
DA:259,0
DA:260,0
DA:261,0
DA:262,0
DA:263,0
DA:264,0
DA:266,2
DA:267,2
DA:268,2
DA:270,2
DA:271,2
DA:272,2
DA:273,2
DA:274,2
DA:275,2
DA:276,2
DA:277,2
DA:278,2
DA:279,2
DA:280,2
DA:281,2
DA:282,2
DA:283,2
DA:284,2
DA:285,2
DA:286,2
DA:287,2
DA:288,2
DA:289,2
DA:290,1
DA:291,1
DA:292,2
DA:293,2
DA:294,2
DA:295,0
DA:296,2
DA:297,2
DA:298,2
DA:299,2
DA:300,1
DA:301,1
DA:302,1
DA:303,2
DA:305,3
DA:306,3
DA:307,2
DA:308,3
DA:309,1
DA:310,1
DA:311,1
DA:312,1
DA:313,1
DA:314,1
DA:315,1
DA:316,1
DA:317,1
DA:318,1
DA:319,1
DA:320,1
DA:321,1
DA:322,1
DA:323,1
DA:324,1
DA:325,1
DA:326,1
DA:327,1
DA:328,1
DA:329,0
DA:330,3
DA:331,2
DA:332,2
DA:333,3
LF:278
LH:97
BRDA:20,0,0,3
BRDA:22,1,0,0
BRDA:26,2,0,2
BRDA:35,3,0,1
BRDA:40,4,0,1
BRDA:266,5,0,2
BRDA:268,6,0,0
BRDA:271,7,0,0
BRDA:280,8,0,0
BRDA:281,9,0,0
BRDA:283,10,0,0
BRDA:289,11,0,1
BRDA:292,12,0,0
BRDA:292,13,0,0
BRDA:294,14,0,0
BRDA:296,15,0,1
BRDA:296,16,0,1
BRDA:297,17,0,1
BRDA:297,18,0,0
BRDA:299,19,0,1
BRDA:305,20,0,3
BRDA:306,21,0,1
BRDA:306,22,0,2
BRDA:308,23,0,1
BRDA:312,24,0,0
BRDA:328,25,0,0
BRDA:330,26,0,2
BRF:27
BRH:15
end_of_record
TN:
SF:app/server/utils/posthog.ts
FN:5,getEnvironment
FN:11,getClient
FN:23,serverCaptureException
FN:48,serverCaptureEvent
FN:66,shutdownPostHog
FNF:5
FNH:5
FNDA:5,getEnvironment
FNDA:6,getClient
FNDA:5,serverCaptureException
FNDA:1,serverCaptureEvent
FNDA:1,shutdownPostHog
DA:1,1
DA:3,1
DA:5,5
DA:6,5
DA:7,5
DA:8,5
DA:9,5
DA:11,6
DA:12,6
DA:14,6
DA:15,6
DA:17,6
DA:19,5
DA:20,5
DA:21,5
DA:23,1
DA:24,5
DA:25,5
DA:26,5
DA:27,5
DA:28,5
DA:29,5
DA:31,5
DA:32,5
DA:34,5
DA:35,5
DA:36,5
DA:37,5
DA:38,5
DA:39,5
DA:40,5
DA:41,5
DA:42,5
DA:43,5
DA:44,5
DA:45,5
DA:46,5
DA:48,1
DA:49,1
DA:50,1
DA:51,1
DA:52,1
DA:53,1
DA:54,1
DA:55,1
DA:56,1
DA:57,1
DA:58,1
DA:59,1
DA:60,1
DA:61,1
DA:62,1
DA:63,1
DA:64,1
DA:66,1
DA:67,1
DA:68,1
DA:69,1
DA:70,1
DA:71,1
LF:60
LH:60
BRDA:5,0,0,5
BRDA:6,1,0,0
BRDA:7,2,0,0
BRDA:8,3,0,0
BRDA:11,4,0,6
BRDA:12,5,0,0
BRDA:17,6,0,1
BRDA:17,7,0,5
BRDA:23,8,0,5
BRDA:29,9,0,1
BRDA:29,10,0,4
BRDA:31,11,0,3
BRDA:32,12,0,3
BRDA:32,13,0,1
BRDA:42,14,0,0
BRDA:48,15,0,1
BRDA:54,16,0,0
BRDA:60,17,0,0
BRDA:66,18,0,1
BRF:19
BRH:12
end_of_record
TN:
SF:app/services/mocks/catchUpService.ts
FN:59,getCatchUpContent
FN:64,getCatchUpContent
FNF:2
FNH:2
FNDA:6,getCatchUpContent
FNDA:5,getCatchUpContent
DA:2,1
DA:4,1
DA:5,1
DA:6,1
DA:7,1
DA:52,1
DA:58,1
DA:59,1
DA:60,6
DA:61,6
DA:62,1
DA:64,5
DA:65,5
DA:66,5
LF:14
LH:14
BRDA:59,0,0,6
BRDA:64,1,0,5
BRF:2
BRH:2
end_of_record
TN:
SF:app/services/mocks/keyAlliesService.ts
FN:17,getKeyAllies
FN:22,getKeyAllies
FNF:2
FNH:2
FNDA:6,getKeyAllies
FNDA:5,getKeyAllies
DA:2,1
DA:4,1
DA:5,1
DA:6,1
DA:7,1
DA:8,1
DA:9,1
DA:10,1
DA:16,1
DA:17,1
DA:18,6
DA:19,6
DA:20,1
DA:22,5
DA:23,5
DA:24,5
LF:16
LH:16
BRDA:17,0,0,6
BRDA:18,1,0,30
BRDA:22,2,0,5
BRF:3
BRH:3
end_of_record
TN:
SF:app/services/mocks/partyMembersService.ts
FN:42,getPartyMembers
FN:47,getPartyMembers
FNF:2
FNH:2
FNDA:8,getPartyMembers
FNDA:7,getPartyMembers
DA:2,1
DA:4,1
DA:5,1
DA:6,1
DA:7,1
DA:8,1
DA:9,1
DA:10,1
DA:11,1
DA:12,1
DA:13,1
DA:14,1
DA:15,1
DA:16,1
DA:17,1
DA:18,1
DA:19,1
DA:20,1
DA:21,1
DA:22,1
DA:23,1
DA:24,1
DA:25,1
DA:26,1
DA:27,1
DA:28,1
DA:29,1
DA:30,1
DA:31,1
DA:32,1
DA:33,1
DA:34,1
DA:35,1
DA:41,1
DA:42,1
DA:43,8
DA:44,8
DA:45,1
DA:47,7
DA:48,7
DA:49,7
LF:41
LH:41
BRDA:42,0,0,8
BRDA:43,1,0,40
BRDA:47,2,0,7
BRF:3
BRH:3
end_of_record
TN:
SF:app/services/mocks/recentlyUpdatedService.ts
FN:47,getRecentlyUpdatedItems
FN:52,getRecentlyUpdatedItems
FNF:2
FNH:2
FNDA:6,getRecentlyUpdatedItems
FNDA:5,getRecentlyUpdatedItems
DA:2,1
DA:4,1
DA:5,1
DA:6,1
DA:7,1
DA:8,1
DA:9,1
DA:10,1
DA:11,1
DA:12,1
DA:13,1
DA:14,1
DA:15,1
DA:16,1
DA:17,1
DA:18,1
DA:19,1
DA:20,1
DA:21,1
DA:22,1
DA:23,1
DA:24,1
DA:25,1
DA:26,1
DA:27,1
DA:28,1
DA:29,1
DA:30,1
DA:31,1
DA:32,1
DA:33,1
DA:34,1
DA:35,1
DA:36,1
DA:37,1
DA:38,1
DA:39,1
DA:40,1
DA:46,1
DA:47,1
DA:48,6
DA:49,6
DA:50,1
DA:52,5
DA:53,5
DA:54,5
LF:46
LH:46
BRDA:47,0,0,6
BRDA:52,1,0,5
BRF:2
BRH:2
end_of_record
TN:
SF:app/services/mocks/sessionsService.ts
FN:68,getSessions
FN:73,getSessions
FNF:2
FNH:2
FNDA:10,getSessions
FNDA:9,getSessions
DA:2,1
DA:4,1
DA:5,1
DA:6,1
DA:7,1
DA:8,1
DA:9,1
DA:10,1
DA:11,1
DA:12,1
DA:13,1
DA:14,1
DA:15,1
DA:16,1
DA:17,1
DA:18,1
DA:19,1
DA:20,1
DA:21,1
DA:22,1
DA:23,1
DA:24,1
DA:25,1
DA:26,1
DA:27,1
DA:28,1
DA:29,1
DA:30,1
DA:31,1
DA:32,1
DA:33,1
DA:34,1
DA:35,1
DA:36,1
DA:37,1
DA:38,1
DA:39,1
DA:40,1
DA:41,1
DA:42,1
DA:43,1
DA:44,1
DA:45,1
DA:46,1
DA:47,1
DA:48,1
DA:49,1
DA:50,1
DA:51,1
DA:52,1
DA:53,1
DA:54,1
DA:55,1
DA:56,1
DA:57,1
DA:58,1
DA:59,1
DA:60,1
DA:61,1
DA:67,1
DA:68,1
DA:69,10
DA:70,10
DA:71,1
DA:73,9
DA:74,9
DA:75,9
LF:67
LH:67
BRDA:68,0,0,10
BRDA:69,1,0,80
BRDA:73,2,0,9
BRF:3
BRH:3
end_of_record
TN:
SF:app/services/mocks/timelineService.ts
FN:49,getTimelineEvents
FN:54,getTimelineEvents
FNF:2
FNH:2
FNDA:9,getTimelineEvents
FNDA:8,getTimelineEvents
DA:2,1
DA:5,1
DA:6,1
DA:7,1
DA:8,1
DA:9,1
DA:10,1
DA:11,1
DA:12,1
DA:13,1
DA:14,1
DA:15,1
DA:16,1
DA:17,1
DA:18,1
DA:19,1
DA:20,1
DA:21,1
DA:22,1
DA:23,1
DA:24,1
DA:25,1
DA:26,1
DA:27,1
DA:28,1
DA:29,1
DA:30,1
DA:31,1
DA:32,1
DA:33,1
DA:34,1
DA:35,1
DA:36,1
DA:37,1
DA:38,1
DA:39,1
DA:40,1
DA:41,1
DA:42,1
DA:48,1
DA:49,1
DA:50,9
DA:51,9
DA:52,1
DA:54,8
DA:55,8
DA:56,8
LF:47
LH:47
BRDA:49,0,0,9
BRDA:50,1,0,54
BRDA:54,2,0,8
BRF:3
BRH:3
end_of_record
TN:
SF:app/services/mocks/types.ts
FN:1,(empty-report)
FNF:1
FNH:1
FNDA:1,(empty-report)
LF:0
LH:0
BRDA:1,0,0,1
BRF:1
BRH:1
end_of_record
TN:
SF:app/services/mocks/utils.ts
FN:1,resolveMockData
FNF:1
FNH:1
FNDA:45,resolveMockData
DA:1,45
DA:2,45
DA:3,45
LF:3
LH:3
BRDA:1,0,0,45
BRF:1
BRH:1
end_of_record
TN:
SF:app/utils/compressImage.ts
FN:14,compressImage
FN:56,scaleDimensions
FN:64,canvasToBlob
FNF:3
FNH:3
FNDA:11,compressImage
FNDA:8,scaleDimensions
FNDA:7,canvasToBlob
DA:1,1
DA:3,1
DA:4,1
DA:5,1
DA:14,11
DA:16,11
DA:17,2
DA:18,2
DA:20,9
DA:21,9
DA:22,8
DA:23,8
DA:25,8
DA:26,8
DA:27,8
DA:28,8
DA:29,11
DA:30,7
DA:32,7
DA:33,7
DA:34,7
DA:35,7
DA:36,7
DA:37,7
DA:38,7
DA:41,0
DA:42,0
DA:43,0
DA:44,0
DA:45,0
DA:46,0
DA:47,11
DA:48,8
DA:49,8
DA:50,11
DA:51,1
DA:52,1
DA:53,1
DA:54,11
DA:56,8
DA:57,8
DA:58,8
DA:59,1
DA:60,1
DA:61,1
DA:62,1
DA:64,7
DA:65,7
DA:66,7
LF:49
LH:43
BRDA:14,0,0,11
BRDA:16,1,0,10
BRDA:16,2,0,2
BRDA:18,3,0,9
BRDA:21,4,0,8
BRDA:29,5,0,1
BRDA:29,6,0,7
BRDA:38,7,0,0
BRDA:47,8,0,8
BRDA:50,9,0,1
BRDA:56,10,0,8
BRDA:57,11,0,7
BRDA:57,12,0,6
BRDA:57,13,0,2
BRDA:58,14,0,1
BRDA:64,15,0,7
BRDA:65,16,0,7
BRF:17
BRH:16
end_of_record
TN:
SF:app/utils/date.ts
FN:21,fromNow
FN:29,formatDate
FN:37,formatDateTime
FN:45,formatTime
FN:59,formatSchedule
FN:104,getNextSessionDate
FN:165,formatNextSession
FNF:7
FNH:7
FNDA:2,fromNow
FNDA:2,formatDate
FNDA:1,formatDateTime
FNDA:10,formatTime
FNDA:22,formatSchedule
FNDA:6,getNextSessionDate
FNDA:2,formatNextSession
DA:1,1
DA:2,1
DA:3,1
DA:4,1
DA:5,1
DA:6,1
DA:9,1
DA:10,1
DA:11,1
DA:12,1
DA:13,1
DA:21,1
DA:22,2
DA:23,2
DA:29,1
DA:30,2
DA:31,2
DA:37,1
DA:38,1
DA:39,1
DA:45,1
DA:47,10
DA:48,10
DA:49,9
DA:50,9
DA:51,1
DA:52,1
DA:59,1
DA:64,22
DA:65,22
DA:67,6
DA:69,8
DA:70,4
DA:71,4
DA:73,8
DA:74,2
DA:75,2
DA:77,8
DA:78,3
DA:79,3
DA:80,3
DA:82,8
DA:84,2
DA:85,2
DA:86,2
DA:87,2
DA:88,0
DA:89,2
DA:90,2
DA:91,2
DA:93,0
DA:94,0
DA:95,2
DA:97,22
DA:98,22
DA:104,1
DA:105,6
DA:108,6
DA:109,6
DA:110,6
DA:111,6
DA:112,6
DA:113,6
DA:114,6
DA:115,6
DA:116,6
DA:117,6
DA:118,6
DA:119,6
DA:120,6
DA:121,6
DA:123,6
DA:124,6
DA:126,6
DA:127,6
DA:128,6
DA:131,6
DA:132,0
DA:133,0
DA:135,5
DA:138,6
DA:139,3
DA:140,3
DA:141,3
DA:142,0
DA:144,3
DA:146,3
DA:147,0
DA:148,0
DA:149,0
DA:150,0
DA:151,0
DA:152,3
DA:153,3
DA:154,3
DA:155,3
DA:156,3
DA:158,5
DA:159,5
DA:165,1
DA:166,2
DA:167,2
DA:168,2
DA:169,2
DA:170,2
DA:171,2
DA:172,2
DA:174,2
DA:175,2
LF:109
LH:98
BRDA:21,0,0,2
BRDA:29,1,0,2
BRDA:37,2,0,1
BRDA:45,3,0,10
BRDA:48,4,0,9
BRDA:50,5,0,1
BRDA:59,6,0,22
BRDA:65,7,0,16
BRDA:65,8,0,8
BRDA:65,9,0,6
BRDA:69,10,0,4
BRDA:71,11,0,6
BRDA:73,12,0,2
BRDA:75,13,0,6
BRDA:77,14,0,3
BRDA:80,15,0,6
BRDA:82,16,0,2
BRDA:87,17,0,0
BRDA:87,18,0,0
BRDA:87,19,0,0
BRDA:91,20,0,0
BRDA:95,21,0,6
BRDA:97,22,0,4
BRDA:97,23,0,2
BRDA:104,24,0,6
BRDA:121,25,0,5
BRDA:124,26,0,1
BRDA:124,27,0,5
BRDA:126,28,0,3
BRDA:126,29,0,2
BRDA:131,30,0,5
BRDA:131,31,0,0
BRDA:131,32,0,0
BRDA:133,33,0,5
BRDA:138,34,0,3
BRDA:141,35,0,0
BRDA:146,36,0,0
BRDA:146,37,0,0
BRDA:156,38,0,5
BRDA:165,39,0,2
BRDA:170,40,0,1
BRDA:170,41,0,1
BRDA:172,42,0,0
BRF:43
BRH:33
end_of_record
TN:
SF:app/utils/helpers.ts
FN:1,(empty-report)
FNF:1
FNH:0
FNDA:0,(empty-report)
DA:1,0
DA:2,0
DA:3,0
DA:4,0
DA:5,0
DA:6,0
DA:7,0
DA:8,0
DA:9,0
DA:11,0
DA:12,0
DA:13,0
DA:14,0
DA:15,0
LF:14
LH:0
BRDA:1,0,0,0
BRF:1
BRH:0
end_of_record
TN:
SF:app/utils/posthog-client.ts
FN:15,setPostHogInstance
FN:20,isPostHogReady
FN:24,getPostHogInstance
FN:28,capturePageView
FN:32,hostnameMatches
FN:36,getClientEnvironment
FN:52,captureException
FN:60,captureEvent
FNF:8
FNH:0
FNDA:0,setPostHogInstance
FNDA:0,isPostHogReady
FNDA:0,getPostHogInstance
FNDA:0,capturePageView
FNDA:0,hostnameMatches
FNDA:0,getClientEnvironment
FNDA:0,captureException
FNDA:0,captureEvent
DA:12,1
DA:13,1
DA:15,1
DA:16,0
DA:17,0
DA:18,0
DA:20,1
DA:21,0
DA:22,0
DA:24,1
DA:25,0
DA:26,0
DA:28,1
DA:29,0
DA:30,0
DA:32,0
DA:33,0
DA:34,0
DA:36,0
DA:37,0
DA:38,0
DA:39,0
DA:41,0
DA:42,0
DA:43,0
DA:44,0
DA:45,0
DA:46,0
DA:47,0
DA:49,0
DA:50,0
DA:52,1
DA:53,0
DA:54,0
DA:55,0
DA:56,0
DA:57,0
DA:58,0
DA:60,1
DA:61,0
DA:62,0
DA:63,0
DA:64,0
DA:65,0
DA:66,0
LF:45
LH:8
BRF:0
BRH:0
end_of_record
TN:
SF:app/utils/queryKeys.ts
FN:7,list
FN:8,detail
FNF:2
FNH:0
FNDA:0,list
FNDA:0,detail
DA:1,1
DA:2,1
DA:3,1
DA:4,1
DA:5,1
DA:6,1
DA:7,1
DA:8,1
DA:9,1
DA:10,1
LF:10
LH:10
BRF:0
BRH:0
end_of_record
TN:
SF:app/utils/uploadToR2.ts
FN:1,(empty-report)
FNF:1
FNH:0
FNDA:0,(empty-report)
DA:1,0
DA:2,0
DA:4,0
DA:5,0
DA:6,0
DA:7,0
DA:8,0
DA:9,0
DA:10,0
DA:11,0
DA:13,0
DA:14,0
DA:15,0
DA:16,0
DA:17,0
DA:19,0
DA:20,0
DA:21,0
DA:23,0
DA:24,0
DA:25,0
DA:26,0
DA:27,0
DA:28,0
LF:24
LH:0
BRDA:1,0,0,0
BRF:1
BRH:0
end_of_record
